
> @pontiff/api@1.0.0 test
> jest --coverage --json

{"numFailedTestSuites":5,"numFailedTests":0,"numPassedTestSuites":0,"numPassedTests":0,"numPendingTestSuites":0,"numPendingTests":0,"numRuntimeErrorTestSuites":5,"numTodoTests":0,"numTotalTestSuites":5,"numTotalTests":0,"openHandles":[],"snapshot":{"added":0,"didUpdate":false,"failure":false,"filesAdded":0,"filesRemoved":0,"filesRemovedList":[],"filesUnmatched":0,"filesUpdated":0,"matched":0,"total":0,"unchecked":0,"uncheckedKeysByFile":[],"unmatched":0,"updated":0},"startTime":1770633663911,"success":false,"testResults":[{"assertionResults":[],"coverage":{},"endTime":1770633709645,"message":"  ΓùÅ Test suite failed to run\n\n    \u001b[96msrc/tests/unit/price.test.ts\u001b[0m:\u001b[93m166\u001b[0m:\u001b[93m57\u001b[0m - \u001b[91merror\u001b[0m\u001b[90m TS2554: \u001b[0mExpected 1 arguments, but got 2.\n\n    \u001b[7m166\u001b[0m       const isRug = await isLikelyRugPull(tokenAddress, 1000);\n    \u001b[7m   \u001b[0m \u001b[91m                                                        ~~~~\u001b[0m\n    \u001b[96msrc/tests/unit/price.test.ts\u001b[0m:\u001b[93m179\u001b[0m:\u001b[93m57\u001b[0m - \u001b[91merror\u001b[0m\u001b[90m TS2554: \u001b[0mExpected 1 arguments, but got 2.\n\n    \u001b[7m179\u001b[0m       const isRug = await isLikelyRugPull(tokenAddress, 1000);\n    \u001b[7m   \u001b[0m \u001b[91m                                                        ~~~~\u001b[0m\n","name":"C:\\Dev\\Pontiff\\apps\\api\\src\\tests\\unit\\price.test.ts","startTime":1770633709645,"status":"failed","summary":""},{"assertionResults":[],"coverage":{},"endTime":1770633709645,"message":"  ΓùÅ Test suite failed to run\n\n    \u001b[96msrc/tests/unit/roaster.test.ts\u001b[0m:\u001b[93m49\u001b[0m:\u001b[93m28\u001b[0m - \u001b[91merror\u001b[0m\u001b[90m TS2554: \u001b[0mExpected 4 arguments, but got 1.\n\n    \u001b[7m49\u001b[0m       const result = await generateRoast(sinData);\n    \u001b[7m  \u001b[0m \u001b[91m                           ~~~~~~~~~~~~~\u001b[0m\n\n      \u001b[96msrc/services/roaster.ts\u001b[0m:\u001b[93m49\u001b[0m:\u001b[93m5\u001b[0m\n        \u001b[7m49\u001b[0m     sins: Sin[],\n        \u001b[7m  \u001b[0m \u001b[96m    ~~~~~~~~~~~\u001b[0m\n        An argument for 'sins' was not provided.\n    \u001b[96msrc/tests/unit/roaster.test.ts\u001b[0m:\u001b[93m75\u001b[0m:\u001b[93m28\u001b[0m - \u001b[91merror\u001b[0m\u001b[90m TS2554: \u001b[0mExpected 4 arguments, but got 1.\n\n    \u001b[7m75\u001b[0m       const result = await generateRoast(sinData);\n    \u001b[7m  \u001b[0m \u001b[91m                           ~~~~~~~~~~~~~\u001b[0m\n\n      \u001b[96msrc/services/roaster.ts\u001b[0m:\u001b[93m49\u001b[0m:\u001b[93m5\u001b[0m\n        \u001b[7m49\u001b[0m     sins: Sin[],\n        \u001b[7m  \u001b[0m \u001b[96m    ~~~~~~~~~~~\u001b[0m\n        An argument for 'sins' was not provided.\n    \u001b[96msrc/tests/unit/roaster.test.ts\u001b[0m:\u001b[93m102\u001b[0m:\u001b[93m28\u001b[0m - \u001b[91merror\u001b[0m\u001b[90m TS2554: \u001b[0mExpected 4 arguments, but got 1.\n\n    \u001b[7m102\u001b[0m       const result = await generateRoast(sinData);\n    \u001b[7m   \u001b[0m \u001b[91m                           ~~~~~~~~~~~~~\u001b[0m\n\n      \u001b[96msrc/services/roaster.ts\u001b[0m:\u001b[93m49\u001b[0m:\u001b[93m5\u001b[0m\n        \u001b[7m49\u001b[0m     sins: Sin[],\n        \u001b[7m  \u001b[0m \u001b[96m    ~~~~~~~~~~~\u001b[0m\n        An argument for 'sins' was not provided.\n    \u001b[96msrc/tests/unit/roaster.test.ts\u001b[0m:\u001b[93m118\u001b[0m:\u001b[93m28\u001b[0m - \u001b[91merror\u001b[0m\u001b[90m TS2554: \u001b[0mExpected 4 arguments, but got 1.\n\n    \u001b[7m118\u001b[0m       const result = await generateRoast(sinData);\n    \u001b[7m   \u001b[0m \u001b[91m                           ~~~~~~~~~~~~~\u001b[0m\n\n      \u001b[96msrc/services/roaster.ts\u001b[0m:\u001b[93m49\u001b[0m:\u001b[93m5\u001b[0m\n        \u001b[7m49\u001b[0m     sins: Sin[],\n        \u001b[7m  \u001b[0m \u001b[96m    ~~~~~~~~~~~\u001b[0m\n        An argument for 'sins' was not provided.\n    \u001b[96msrc/tests/unit/roaster.test.ts\u001b[0m:\u001b[93m143\u001b[0m:\u001b[93m28\u001b[0m - \u001b[91merror\u001b[0m\u001b[90m TS2554: \u001b[0mExpected 4 arguments, but got 1.\n\n    \u001b[7m143\u001b[0m       const result = await generateRoast(sinData);\n    \u001b[7m   \u001b[0m \u001b[91m                           ~~~~~~~~~~~~~\u001b[0m\n\n      \u001b[96msrc/services/roaster.ts\u001b[0m:\u001b[93m49\u001b[0m:\u001b[93m5\u001b[0m\n        \u001b[7m49\u001b[0m     sins: Sin[],\n        \u001b[7m  \u001b[0m \u001b[96m    ~~~~~~~~~~~\u001b[0m\n        An argument for 'sins' was not provided.\n    \u001b[96msrc/tests/unit/roaster.test.ts\u001b[0m:\u001b[93m184\u001b[0m:\u001b[93m28\u001b[0m - \u001b[91merror\u001b[0m\u001b[90m TS2554: \u001b[0mExpected 4-5 arguments, but got 2.\n\n    \u001b[7m184\u001b[0m       const result = await generateRoastVariations(sinData, 3);\n    \u001b[7m   \u001b[0m \u001b[91m                           ~~~~~~~~~~~~~~~~~~~~~~~\u001b[0m\n\n      \u001b[96msrc/services/roaster.ts\u001b[0m:\u001b[93m216\u001b[0m:\u001b[93m5\u001b[0m\n        \u001b[7m216\u001b[0m     primarySin: SinType,\n        \u001b[7m   \u001b[0m \u001b[96m    ~~~~~~~~~~~~~~~~~~~\u001b[0m\n        An argument for 'primarySin' was not provided.\n    \u001b[96msrc/tests/unit/roaster.test.ts\u001b[0m:\u001b[93m210\u001b[0m:\u001b[93m28\u001b[0m - \u001b[91merror\u001b[0m\u001b[90m TS2554: \u001b[0mExpected 4-5 arguments, but got 2.\n\n    \u001b[7m210\u001b[0m       const result = await generateRoastVariations(sinData, 3);\n    \u001b[7m   \u001b[0m \u001b[91m                           ~~~~~~~~~~~~~~~~~~~~~~~\u001b[0m\n\n      \u001b[96msrc/services/roaster.ts\u001b[0m:\u001b[93m216\u001b[0m:\u001b[93m5\u001b[0m\n        \u001b[7m216\u001b[0m     primarySin: SinType,\n        \u001b[7m   \u001b[0m \u001b[96m    ~~~~~~~~~~~~~~~~~~~\u001b[0m\n        An argument for 'primarySin' was not provided.\n    \u001b[96msrc/tests/unit/roaster.test.ts\u001b[0m:\u001b[93m232\u001b[0m:\u001b[93m28\u001b[0m - \u001b[91merror\u001b[0m\u001b[90m TS2554: \u001b[0mExpected 4 arguments, but got 1.\n\n    \u001b[7m232\u001b[0m       const result = await generateRoast(sinData);\n    \u001b[7m   \u001b[0m \u001b[91m                           ~~~~~~~~~~~~~\u001b[0m\n\n      \u001b[96msrc/services/roaster.ts\u001b[0m:\u001b[93m49\u001b[0m:\u001b[93m5\u001b[0m\n        \u001b[7m49\u001b[0m     sins: Sin[],\n        \u001b[7m  \u001b[0m \u001b[96m    ~~~~~~~~~~~\u001b[0m\n        An argument for 'sins' was not provided.\n    \u001b[96msrc/tests/unit/roaster.test.ts\u001b[0m:\u001b[93m252\u001b[0m:\u001b[93m28\u001b[0m - \u001b[91merror\u001b[0m\u001b[90m TS2554: \u001b[0mExpected 4 arguments, but got 1.\n\n    \u001b[7m252\u001b[0m       const result = await generateRoast(sinData);\n    \u001b[7m   \u001b[0m \u001b[91m                           ~~~~~~~~~~~~~\u001b[0m\n\n      \u001b[96msrc/services/roaster.ts\u001b[0m:\u001b[93m49\u001b[0m:\u001b[93m5\u001b[0m\n        \u001b[7m49\u001b[0m     sins: Sin[],\n        \u001b[7m  \u001b[0m \u001b[96m    ~~~~~~~~~~~\u001b[0m\n        An argument for 'sins' was not provided.\n","name":"C:\\Dev\\Pontiff\\apps\\api\\src\\tests\\unit\\roaster.test.ts","startTime":1770633709645,"status":"failed","summary":""},{"assertionResults":[],"coverage":{},"endTime":1770633709645,"message":"  ΓùÅ Test suite failed to run\n\n    \u001b[96msrc/tests/unit/scanner.test.ts\u001b[0m:\u001b[93m27\u001b[0m:\u001b[93m61\u001b[0m - \u001b[91merror\u001b[0m\u001b[90m TS2345: \u001b[0mArgument of type '{ tokenAddress: string; from: string; to: string; amount: string; blockNumber: number; timestamp: number; }[]' is not assignable to parameter of type '{ buys: any[]; sells: any[]; totalTransfers: number; } | Promise<{ buys: any[]; sells: any[]; totalTransfers: number; }>'.\n\n    \u001b[7m 27\u001b[0m       mockBlockchain.fetchWalletTransfers.mockResolvedValue([\n    \u001b[7m   \u001b[0m \u001b[91m                                                            ~\u001b[0m\n    \u001b[7m 28\u001b[0m         {\n    \u001b[7m   \u001b[0m \u001b[91m~~~~~~~~~\u001b[0m\n    \u001b[7m...\u001b[0m \n    \u001b[7m 35\u001b[0m         },\n    \u001b[7m   \u001b[0m \u001b[91m~~~~~~~~~~\u001b[0m\n    \u001b[7m 36\u001b[0m       ]);\n    \u001b[7m   \u001b[0m \u001b[91m~~~~~~~\u001b[0m\n    \u001b[96msrc/tests/unit/scanner.test.ts\u001b[0m:\u001b[93m38\u001b[0m:\u001b[93m22\u001b[0m - \u001b[91merror\u001b[0m\u001b[90m TS2339: \u001b[0mProperty 'getTokenMetadata' does not exist on type 'Mocked<typeof import(\"C:/Dev/Pontiff/apps/api/src/services/blockchain\")>'.\n\n    \u001b[7m38\u001b[0m       mockBlockchain.getTokenMetadata.mockResolvedValue({\n    \u001b[7m  \u001b[0m \u001b[91m                     ~~~~~~~~~~~~~~~~\u001b[0m\n    \u001b[96msrc/tests/unit/scanner.test.ts\u001b[0m:\u001b[93m44\u001b[0m:\u001b[93m56\u001b[0m - \u001b[91merror\u001b[0m\u001b[90m TS2345: \u001b[0mArgument of type 'string' is not assignable to parameter of type 'bigint | Promise<bigint>'.\n\n    \u001b[7m44\u001b[0m       mockBlockchain.getTokenBalance.mockResolvedValue('1000000000000000000'); // Still holds it\n    \u001b[7m  \u001b[0m \u001b[91m                                                       ~~~~~~~~~~~~~~~~~~~~~\u001b[0m\n    \u001b[96msrc/tests/unit/scanner.test.ts\u001b[0m:\u001b[93m54\u001b[0m:\u001b[93m29\u001b[0m - \u001b[91merror\u001b[0m\u001b[90m TS2339: \u001b[0mProperty 'type' does not exist on type 'Sin'.\n\n    \u001b[7m54\u001b[0m       expect(result.sins[0].type).toBe('RUG_PULL');\n    \u001b[7m  \u001b[0m \u001b[91m                            ~~~~\u001b[0m\n    \u001b[96msrc/tests/unit/scanner.test.ts\u001b[0m:\u001b[93m62\u001b[0m:\u001b[93m61\u001b[0m - \u001b[91merror\u001b[0m\u001b[90m TS2345: \u001b[0mArgument of type '{ tokenAddress: string; from: string; to: string; amount: string; blockNumber: number; timestamp: number; }[]' is not assignable to parameter of type '{ buys: any[]; sells: any[]; totalTransfers: number; } | Promise<{ buys: any[]; sells: any[]; totalTransfers: number; }>'.\n\n    \u001b[7m 62\u001b[0m       mockBlockchain.fetchWalletTransfers.mockResolvedValue([\n    \u001b[7m   \u001b[0m \u001b[91m                                                            ~\u001b[0m\n    \u001b[7m 63\u001b[0m         {\n    \u001b[7m   \u001b[0m \u001b[91m~~~~~~~~~\u001b[0m\n    \u001b[7m...\u001b[0m \n    \u001b[7m 78\u001b[0m         },\n    \u001b[7m   \u001b[0m \u001b[91m~~~~~~~~~~\u001b[0m\n    \u001b[7m 79\u001b[0m       ]);\n    \u001b[7m   \u001b[0m \u001b[91m~~~~~~~\u001b[0m\n    \u001b[96msrc/tests/unit/scanner.test.ts\u001b[0m:\u001b[93m81\u001b[0m:\u001b[93m22\u001b[0m - \u001b[91merror\u001b[0m\u001b[90m TS2339: \u001b[0mProperty 'getTokenMetadata' does not exist on type 'Mocked<typeof import(\"C:/Dev/Pontiff/apps/api/src/services/blockchain\")>'.\n\n    \u001b[7m81\u001b[0m       mockBlockchain.getTokenMetadata.mockResolvedValue({\n    \u001b[7m  \u001b[0m \u001b[91m                     ~~~~~~~~~~~~~~~~\u001b[0m\n    \u001b[96msrc/tests/unit/scanner.test.ts\u001b[0m:\u001b[93m87\u001b[0m:\u001b[93m56\u001b[0m - \u001b[91merror\u001b[0m\u001b[90m TS2345: \u001b[0mArgument of type 'string' is not assignable to parameter of type 'bigint | Promise<bigint>'.\n\n    \u001b[7m87\u001b[0m       mockBlockchain.getTokenBalance.mockResolvedValue('1000000000000000000');\n    \u001b[7m  \u001b[0m \u001b[91m                                                       ~~~~~~~~~~~~~~~~~~~~~\u001b[0m\n    \u001b[96msrc/tests/unit/scanner.test.ts\u001b[0m:\u001b[93m97\u001b[0m:\u001b[93m52\u001b[0m - \u001b[91merror\u001b[0m\u001b[90m TS2367: \u001b[0mThis comparison appears to be unintentional because the types 'SinSeverity' and '\"UNFORGIVABLE\"' have no overlap.\n\n    \u001b[7m97\u001b[0m       const unforgivable = result.sins.find((s) => s.severity === 'UNFORGIVABLE');\n    \u001b[7m  \u001b[0m \u001b[91m                                                   ~~~~~~~~~~~~~~~~~~~~~~~~~~~~~\u001b[0m\n    \u001b[96msrc/tests/unit/scanner.test.ts\u001b[0m:\u001b[93m110\u001b[0m:\u001b[93m61\u001b[0m - \u001b[91merror\u001b[0m\u001b[90m TS2345: \u001b[0mArgument of type '{ tokenAddress: string; from: string; to: string; amount: string; blockNumber: number; timestamp: number; }[]' is not assignable to parameter of type '{ buys: any[]; sells: any[]; totalTransfers: number; } | Promise<{ buys: any[]; sells: any[]; totalTransfers: number; }>'.\n\n    \u001b[7m110\u001b[0m       mockBlockchain.fetchWalletTransfers.mockResolvedValue([\n    \u001b[7m   \u001b[0m \u001b[91m                                                            ~\u001b[0m\n    \u001b[7m111\u001b[0m         {\n    \u001b[7m   \u001b[0m \u001b[91m~~~~~~~~~\u001b[0m\n    \u001b[7m...\u001b[0m \n    \u001b[7m126\u001b[0m         },\n    \u001b[7m   \u001b[0m \u001b[91m~~~~~~~~~~\u001b[0m\n    \u001b[7m127\u001b[0m       ]);\n    \u001b[7m   \u001b[0m \u001b[91m~~~~~~~\u001b[0m\n    \u001b[96msrc/tests/unit/scanner.test.ts\u001b[0m:\u001b[93m129\u001b[0m:\u001b[93m22\u001b[0m - \u001b[91merror\u001b[0m\u001b[90m TS2339: \u001b[0mProperty 'getTokenMetadata' does not exist on type 'Mocked<typeof import(\"C:/Dev/Pontiff/apps/api/src/services/blockchain\")>'.\n\n    \u001b[7m129\u001b[0m       mockBlockchain.getTokenMetadata.mockResolvedValue({\n    \u001b[7m   \u001b[0m \u001b[91m                     ~~~~~~~~~~~~~~~~\u001b[0m\n    \u001b[96msrc/tests/unit/scanner.test.ts\u001b[0m:\u001b[93m135\u001b[0m:\u001b[93m56\u001b[0m - \u001b[91merror\u001b[0m\u001b[90m TS2345: \u001b[0mArgument of type 'string' is not assignable to parameter of type 'bigint | Promise<bigint>'.\n\n    \u001b[7m135\u001b[0m       mockBlockchain.getTokenBalance.mockResolvedValue('0'); // Sold all\n    \u001b[7m   \u001b[0m \u001b[91m                                                       ~~~\u001b[0m\n    \u001b[96msrc/tests/unit/scanner.test.ts\u001b[0m:\u001b[93m143\u001b[0m:\u001b[93m52\u001b[0m - \u001b[91merror\u001b[0m\u001b[90m TS2339: \u001b[0mProperty 'type' does not exist on type 'Sin'.\n\n    \u001b[7m143\u001b[0m       const paperHands = result.sins.find((s) => s.type === 'PAPER_HANDS');\n    \u001b[7m   \u001b[0m \u001b[91m                                                   ~~~~\u001b[0m\n    \u001b[96msrc/tests/unit/scanner.test.ts\u001b[0m:\u001b[93m153\u001b[0m:\u001b[93m61\u001b[0m - \u001b[91merror\u001b[0m\u001b[90m TS2345: \u001b[0mArgument of type '{ tokenAddress: string; from: string; to: string; amount: string; blockNumber: number; timestamp: number; }[]' is not assignable to parameter of type '{ buys: any[]; sells: any[]; totalTransfers: number; } | Promise<{ buys: any[]; sells: any[]; totalTransfers: number; }>'.\n\n    \u001b[7m153\u001b[0m       mockBlockchain.fetchWalletTransfers.mockResolvedValue([\n    \u001b[7m   \u001b[0m \u001b[91m                                                            ~\u001b[0m\n    \u001b[7m154\u001b[0m         {\n    \u001b[7m   \u001b[0m \u001b[91m~~~~~~~~~\u001b[0m\n    \u001b[7m...\u001b[0m \n    \u001b[7m161\u001b[0m         },\n    \u001b[7m   \u001b[0m \u001b[91m~~~~~~~~~~\u001b[0m\n    \u001b[7m162\u001b[0m       ]);\n    \u001b[7m   \u001b[0m \u001b[91m~~~~~~~\u001b[0m\n    \u001b[96msrc/tests/unit/scanner.test.ts\u001b[0m:\u001b[93m164\u001b[0m:\u001b[93m22\u001b[0m - \u001b[91merror\u001b[0m\u001b[90m TS2339: \u001b[0mProperty 'getTokenMetadata' does not exist on type 'Mocked<typeof import(\"C:/Dev/Pontiff/apps/api/src/services/blockchain\")>'.\n\n    \u001b[7m164\u001b[0m       mockBlockchain.getTokenMetadata.mockResolvedValue({\n    \u001b[7m   \u001b[0m \u001b[91m                     ~~~~~~~~~~~~~~~~\u001b[0m\n    \u001b[96msrc/tests/unit/scanner.test.ts\u001b[0m:\u001b[93m170\u001b[0m:\u001b[93m56\u001b[0m - \u001b[91merror\u001b[0m\u001b[90m TS2345: \u001b[0mArgument of type 'string' is not assignable to parameter of type 'bigint | Promise<bigint>'.\n\n    \u001b[7m170\u001b[0m       mockBlockchain.getTokenBalance.mockResolvedValue('1000000000000000000');\n    \u001b[7m   \u001b[0m \u001b[91m                                                       ~~~~~~~~~~~~~~~~~~~~~\u001b[0m\n    \u001b[96msrc/tests/unit/scanner.test.ts\u001b[0m:\u001b[93m179\u001b[0m:\u001b[93m50\u001b[0m - \u001b[91merror\u001b[0m\u001b[90m TS2339: \u001b[0mProperty 'type' does not exist on type 'Sin'.\n\n    \u001b[7m179\u001b[0m       const topBuyer = result.sins.find((s) => s.type === 'TOP_BUYER');\n    \u001b[7m   \u001b[0m \u001b[91m                                                 ~~~~\u001b[0m\n    \u001b[96msrc/tests/unit/scanner.test.ts\u001b[0m:\u001b[93m181\u001b[0m:\u001b[93m24\u001b[0m - \u001b[91merror\u001b[0m\u001b[90m TS2339: \u001b[0mProperty 'lossUSD' does not exist on type 'Sin'.\n\n    \u001b[7m181\u001b[0m       expect(topBuyer?.lossUSD).toBeGreaterThan(80);\n    \u001b[7m   \u001b[0m \u001b[91m                       ~~~~~~~\u001b[0m\n    \u001b[96msrc/tests/unit/scanner.test.ts\u001b[0m:\u001b[93m189\u001b[0m:\u001b[93m61\u001b[0m - \u001b[91merror\u001b[0m\u001b[90m TS2345: \u001b[0mArgument of type '{ tokenAddress: string; from: string; to: string; amount: string; blockNumber: number; timestamp: number; }[]' is not assignable to parameter of type '{ buys: any[]; sells: any[]; totalTransfers: number; } | Promise<{ buys: any[]; sells: any[]; totalTransfers: number; }>'.\n\n    \u001b[7m189\u001b[0m       mockBlockchain.fetchWalletTransfers.mockResolvedValue([\n    \u001b[7m   \u001b[0m \u001b[91m                                                            ~\u001b[0m\n    \u001b[7m190\u001b[0m         {\n    \u001b[7m   \u001b[0m \u001b[91m~~~~~~~~~\u001b[0m\n    \u001b[7m...\u001b[0m \n    \u001b[7m197\u001b[0m         },\n    \u001b[7m   \u001b[0m \u001b[91m~~~~~~~~~~\u001b[0m\n    \u001b[7m198\u001b[0m       ]);\n    \u001b[7m   \u001b[0m \u001b[91m~~~~~~~\u001b[0m\n    \u001b[96msrc/tests/unit/scanner.test.ts\u001b[0m:\u001b[93m200\u001b[0m:\u001b[93m22\u001b[0m - \u001b[91merror\u001b[0m\u001b[90m TS2339: \u001b[0mProperty 'getTokenMetadata' does not exist on type 'Mocked<typeof import(\"C:/Dev/Pontiff/apps/api/src/services/blockchain\")>'.\n\n    \u001b[7m200\u001b[0m       mockBlockchain.getTokenMetadata.mockResolvedValue({\n    \u001b[7m   \u001b[0m \u001b[91m                     ~~~~~~~~~~~~~~~~\u001b[0m\n    \u001b[96msrc/tests/unit/scanner.test.ts\u001b[0m:\u001b[93m206\u001b[0m:\u001b[93m56\u001b[0m - \u001b[91merror\u001b[0m\u001b[90m TS2345: \u001b[0mArgument of type 'string' is not assignable to parameter of type 'bigint | Promise<bigint>'.\n\n    \u001b[7m206\u001b[0m       mockBlockchain.getTokenBalance.mockResolvedValue('0');\n    \u001b[7m   \u001b[0m \u001b[91m                                                       ~~~\u001b[0m\n    \u001b[96msrc/tests/unit/scanner.test.ts\u001b[0m:\u001b[93m219\u001b[0m:\u001b[93m61\u001b[0m - \u001b[91merror\u001b[0m\u001b[90m TS2345: \u001b[0mArgument of type '{ tokenAddress: string; from: string; to: string; amount: string; blockNumber: number; timestamp: number; }[]' is not assignable to parameter of type '{ buys: any[]; sells: any[]; totalTransfers: number; } | Promise<{ buys: any[]; sells: any[]; totalTransfers: number; }>'.\n\n    \u001b[7m219\u001b[0m       mockBlockchain.fetchWalletTransfers.mockResolvedValue([\n    \u001b[7m   \u001b[0m \u001b[91m                                                            ~\u001b[0m\n    \u001b[7m220\u001b[0m         {\n    \u001b[7m   \u001b[0m \u001b[91m~~~~~~~~~\u001b[0m\n    \u001b[7m...\u001b[0m \n    \u001b[7m227\u001b[0m         },\n    \u001b[7m   \u001b[0m \u001b[91m~~~~~~~~~~\u001b[0m\n    \u001b[7m228\u001b[0m       ]);\n    \u001b[7m   \u001b[0m \u001b[91m~~~~~~~\u001b[0m\n    \u001b[96msrc/tests/unit/scanner.test.ts\u001b[0m:\u001b[93m230\u001b[0m:\u001b[93m22\u001b[0m - \u001b[91merror\u001b[0m\u001b[90m TS2339: \u001b[0mProperty 'getTokenMetadata' does not exist on type 'Mocked<typeof import(\"C:/Dev/Pontiff/apps/api/src/services/blockchain\")>'.\n\n    \u001b[7m230\u001b[0m       mockBlockchain.getTokenMetadata.mockResolvedValue({\n    \u001b[7m   \u001b[0m \u001b[91m                     ~~~~~~~~~~~~~~~~\u001b[0m\n    \u001b[96msrc/tests/unit/scanner.test.ts\u001b[0m:\u001b[93m236\u001b[0m:\u001b[93m56\u001b[0m - \u001b[91merror\u001b[0m\u001b[90m TS2345: \u001b[0mArgument of type 'string' is not assignable to parameter of type 'bigint | Promise<bigint>'.\n\n    \u001b[7m236\u001b[0m       mockBlockchain.getTokenBalance.mockResolvedValue('0');\n    \u001b[7m   \u001b[0m \u001b[91m                                                       ~~~\u001b[0m\n    \u001b[96msrc/tests/unit/scanner.test.ts\u001b[0m:\u001b[93m249\u001b[0m:\u001b[93m61\u001b[0m - \u001b[91merror\u001b[0m\u001b[90m TS2345: \u001b[0mArgument of type '{ tokenAddress: string; from: string; to: string; amount: string; blockNumber: number; timestamp: number; }[]' is not assignable to parameter of type '{ buys: any[]; sells: any[]; totalTransfers: number; } | Promise<{ buys: any[]; sells: any[]; totalTransfers: number; }>'.\n\n    \u001b[7m249\u001b[0m       mockBlockchain.fetchWalletTransfers.mockResolvedValue([\n    \u001b[7m   \u001b[0m \u001b[91m                                                            ~\u001b[0m\n    \u001b[7m250\u001b[0m         {\n    \u001b[7m   \u001b[0m \u001b[91m~~~~~~~~~\u001b[0m\n    \u001b[7m...\u001b[0m \n    \u001b[7m257\u001b[0m         },\n    \u001b[7m   \u001b[0m \u001b[91m~~~~~~~~~~\u001b[0m\n    \u001b[7m258\u001b[0m       ]);\n    \u001b[7m   \u001b[0m \u001b[91m~~~~~~~\u001b[0m\n    \u001b[96msrc/tests/unit/scanner.test.ts\u001b[0m:\u001b[93m260\u001b[0m:\u001b[93m22\u001b[0m - \u001b[91merror\u001b[0m\u001b[90m TS2339: \u001b[0mProperty 'getTokenMetadata' does not exist on type 'Mocked<typeof import(\"C:/Dev/Pontiff/apps/api/src/services/blockchain\")>'.\n\n    \u001b[7m260\u001b[0m       mockBlockchain.getTokenMetadata.mockResolvedValue({\n    \u001b[7m   \u001b[0m \u001b[91m                     ~~~~~~~~~~~~~~~~\u001b[0m\n    \u001b[96msrc/tests/unit/scanner.test.ts\u001b[0m:\u001b[93m266\u001b[0m:\u001b[93m56\u001b[0m - \u001b[91merror\u001b[0m\u001b[90m TS2345: \u001b[0mArgument of type 'string' is not assignable to parameter of type 'bigint | Promise<bigint>'.\n\n    \u001b[7m266\u001b[0m       mockBlockchain.getTokenBalance.mockResolvedValue('0');\n    \u001b[7m   \u001b[0m \u001b[91m                                                       ~~~\u001b[0m\n    \u001b[96msrc/tests/unit/scanner.test.ts\u001b[0m:\u001b[93m274\u001b[0m:\u001b[93m21\u001b[0m - \u001b[91merror\u001b[0m\u001b[90m TS2551: \u001b[0mProperty 'totalLossUSD' does not exist on type '{ sins: Sin[]; primarySin: SinType; totalLoss: number; }'. Did you mean 'totalLoss'?\n\n    \u001b[7m274\u001b[0m       expect(result.totalLossUSD).toBeGreaterThan(1000);\n    \u001b[7m   \u001b[0m \u001b[91m                    ~~~~~~~~~~~~\u001b[0m\n\n      \u001b[96msrc/services/scanner.ts\u001b[0m:\u001b[93m69\u001b[0m:\u001b[93m5\u001b[0m\n        \u001b[7m69\u001b[0m     totalLoss: number;\n        \u001b[7m  \u001b[0m \u001b[96m    ~~~~~~~~~\u001b[0m\n        'totalLoss' is declared here.\n    \u001b[96msrc/tests/unit/scanner.test.ts\u001b[0m:\u001b[93m282\u001b[0m:\u001b[93m61\u001b[0m - \u001b[91merror\u001b[0m\u001b[90m TS2345: \u001b[0mArgument of type 'never[]' is not assignable to parameter of type '{ buys: any[]; sells: any[]; totalTransfers: number; } | Promise<{ buys: any[]; sells: any[]; totalTransfers: number; }>'.\n\n    \u001b[7m282\u001b[0m       mockBlockchain.fetchWalletTransfers.mockResolvedValue([]);\n    \u001b[7m   \u001b[0m \u001b[91m                                                            ~~\u001b[0m\n    \u001b[96msrc/tests/unit/scanner.test.ts\u001b[0m:\u001b[93m287\u001b[0m:\u001b[93m21\u001b[0m - \u001b[91merror\u001b[0m\u001b[90m TS2551: \u001b[0mProperty 'totalLossUSD' does not exist on type '{ sins: Sin[]; primarySin: SinType; totalLoss: number; }'. Did you mean 'totalLoss'?\n\n    \u001b[7m287\u001b[0m       expect(result.totalLossUSD).toBe(0);\n    \u001b[7m   \u001b[0m \u001b[91m                    ~~~~~~~~~~~~\u001b[0m\n\n      \u001b[96msrc/services/scanner.ts\u001b[0m:\u001b[93m69\u001b[0m:\u001b[93m5\u001b[0m\n        \u001b[7m69\u001b[0m     totalLoss: number;\n        \u001b[7m  \u001b[0m \u001b[96m    ~~~~~~~~~\u001b[0m\n        'totalLoss' is declared here.\n","name":"C:\\Dev\\Pontiff\\apps\\api\\src\\tests\\unit\\scanner.test.ts","startTime":1770633709645,"status":"failed","summary":""},{"assertionResults":[],"coverage":{},"endTime":1770633709645,"message":"  ΓùÅ Test suite failed to run\n\n    \u001b[96msrc/tests/integration/confession-flow.test.ts\u001b[0m:\u001b[93m7\u001b[0m:\u001b[93m10\u001b[0m - \u001b[91merror\u001b[0m\u001b[90m TS2459: \u001b[0mModule '\"../../index\"' declares 'app' locally, but it is not exported.\n\n    \u001b[7m7\u001b[0m import { app } from '../../index';\n    \u001b[7m \u001b[0m \u001b[91m         ~~~\u001b[0m\n\n      \u001b[96msrc/index.ts\u001b[0m:\u001b[93m26\u001b[0m:\u001b[93m7\u001b[0m\n        \u001b[7m26\u001b[0m const app = express();\n        \u001b[7m  \u001b[0m \u001b[96m      ~~~\u001b[0m\n        'app' is declared here.\n    \u001b[96msrc/tests/integration/confession-flow.test.ts\u001b[0m:\u001b[93m38\u001b[0m:\u001b[93m13\u001b[0m - \u001b[91merror\u001b[0m\u001b[90m TS2820: \u001b[0mType '\"CARDINAL\"' is not assignable to type 'SinSeverity'. Did you mean 'SinSeverity.CARDINAL'?\n\n    \u001b[7m38\u001b[0m             severity: 'CARDINAL',\n    \u001b[7m  \u001b[0m \u001b[91m            ~~~~~~~~\u001b[0m\n\n      \u001b[96msrc/services/scanner.ts\u001b[0m:\u001b[93m36\u001b[0m:\u001b[93m5\u001b[0m\n        \u001b[7m36\u001b[0m     severity: SinSeverity;\n        \u001b[7m  \u001b[0m \u001b[96m    ~~~~~~~~\u001b[0m\n        The expected type comes from property 'severity' which is declared here on type 'Sin'\n    \u001b[96msrc/tests/integration/confession-flow.test.ts\u001b[0m:\u001b[93m46\u001b[0m:\u001b[93m9\u001b[0m - \u001b[91merror\u001b[0m\u001b[90m TS2820: \u001b[0mType '\"RUG_PULL\"' is not assignable to type 'SinType'. Did you mean 'SinType.RUG_PULL'?\n\n    \u001b[7m46\u001b[0m         primarySin: 'RUG_PULL',\n    \u001b[7m  \u001b[0m \u001b[91m        ~~~~~~~~~~\u001b[0m\n    \u001b[96msrc/tests/integration/confession-flow.test.ts\u001b[0m:\u001b[93m102\u001b[0m:\u001b[93m9\u001b[0m - \u001b[91merror\u001b[0m\u001b[90m TS2322: \u001b[0mType 'null' is not assignable to type 'SinType'.\n\n    \u001b[7m102\u001b[0m         primarySin: null,\n    \u001b[7m   \u001b[0m \u001b[91m        ~~~~~~~~~~\u001b[0m\n    \u001b[96msrc/tests/integration/confession-flow.test.ts\u001b[0m:\u001b[93m134\u001b[0m:\u001b[93m13\u001b[0m - \u001b[91merror\u001b[0m\u001b[90m TS2820: \u001b[0mType '\"MINOR\"' is not assignable to type 'SinSeverity'. Did you mean 'SinSeverity.MINOR'?\n\n    \u001b[7m134\u001b[0m             severity: 'MINOR',\n    \u001b[7m   \u001b[0m \u001b[91m            ~~~~~~~~\u001b[0m\n\n      \u001b[96msrc/services/scanner.ts\u001b[0m:\u001b[93m36\u001b[0m:\u001b[93m5\u001b[0m\n        \u001b[7m36\u001b[0m     severity: SinSeverity;\n        \u001b[7m  \u001b[0m \u001b[96m    ~~~~~~~~\u001b[0m\n        The expected type comes from property 'severity' which is declared here on type 'Sin'\n    \u001b[96msrc/tests/integration/confession-flow.test.ts\u001b[0m:\u001b[93m142\u001b[0m:\u001b[93m9\u001b[0m - \u001b[91merror\u001b[0m\u001b[90m TS2820: \u001b[0mType '\"PAPER_HANDS\"' is not assignable to type 'SinType'. Did you mean 'SinType.PAPER_HANDS'?\n\n    \u001b[7m142\u001b[0m         primarySin: 'PAPER_HANDS',\n    \u001b[7m   \u001b[0m \u001b[91m        ~~~~~~~~~~\u001b[0m\n    \u001b[96msrc/tests/integration/confession-flow.test.ts\u001b[0m:\u001b[93m170\u001b[0m:\u001b[93m9\u001b[0m - \u001b[91merror\u001b[0m\u001b[90m TS2322: \u001b[0mType 'null' is not assignable to type 'SinType'.\n\n    \u001b[7m170\u001b[0m         primarySin: null,\n    \u001b[7m   \u001b[0m \u001b[91m        ~~~~~~~~~~\u001b[0m\n    \u001b[96msrc/tests/integration/confession-flow.test.ts\u001b[0m:\u001b[93m220\u001b[0m:\u001b[93m13\u001b[0m - \u001b[91merror\u001b[0m\u001b[90m TS2820: \u001b[0mType '\"MORTAL\"' is not assignable to type 'SinSeverity'. Did you mean 'SinSeverity.MORTAL'?\n\n    \u001b[7m220\u001b[0m             severity: 'MORTAL',\n    \u001b[7m   \u001b[0m \u001b[91m            ~~~~~~~~\u001b[0m\n\n      \u001b[96msrc/services/scanner.ts\u001b[0m:\u001b[93m36\u001b[0m:\u001b[93m5\u001b[0m\n        \u001b[7m36\u001b[0m     severity: SinSeverity;\n        \u001b[7m  \u001b[0m \u001b[96m    ~~~~~~~~\u001b[0m\n        The expected type comes from property 'severity' which is declared here on type 'Sin'\n    \u001b[96msrc/tests/integration/confession-flow.test.ts\u001b[0m:\u001b[93m228\u001b[0m:\u001b[93m9\u001b[0m - \u001b[91merror\u001b[0m\u001b[90m TS2820: \u001b[0mType '\"TOP_BUYER\"' is not assignable to type 'SinType'. Did you mean 'SinType.TOP_BUYER'?\n\n    \u001b[7m228\u001b[0m         primarySin: 'TOP_BUYER',\n    \u001b[7m   \u001b[0m \u001b[91m        ~~~~~~~~~~\u001b[0m\n    \u001b[96msrc/tests/integration/confession-flow.test.ts\u001b[0m:\u001b[93m246\u001b[0m:\u001b[93m9\u001b[0m - \u001b[91merror\u001b[0m\u001b[90m TS2322: \u001b[0mType 'null' is not assignable to type 'SinType'.\n\n    \u001b[7m246\u001b[0m         primarySin: null,\n    \u001b[7m   \u001b[0m \u001b[91m        ~~~~~~~~~~\u001b[0m\n    \u001b[96msrc/tests/integration/confession-flow.test.ts\u001b[0m:\u001b[93m265\u001b[0m:\u001b[93m9\u001b[0m - \u001b[91merror\u001b[0m\u001b[90m TS2820: \u001b[0mType '\"RUG_PULL\"' is not assignable to type 'SinType'. Did you mean 'SinType.RUG_PULL'?\n\n    \u001b[7m265\u001b[0m         primarySin: 'RUG_PULL',\n    \u001b[7m   \u001b[0m \u001b[91m        ~~~~~~~~~~\u001b[0m\n","name":"C:\\Dev\\Pontiff\\apps\\api\\src\\tests\\integration\\confession-flow.test.ts","startTime":1770633709645,"status":"failed","summary":""},{"assertionResults":[],"coverage":{},"endTime":1770633709645,"message":"  ΓùÅ Test suite failed to run\n\n    \u001b[96msrc/services/conversion-tracking.ts\u001b[0m:\u001b[93m252\u001b[0m:\u001b[93m41\u001b[0m - \u001b[91merror\u001b[0m\u001b[90m TS2339: \u001b[0mProperty 'args' does not exist on type 'Log | EventLog'.\n      Property 'args' does not exist on type 'Log'.\n\n    \u001b[7m252\u001b[0m                     amount: latestEvent.args?.value.toString()\n    \u001b[7m   \u001b[0m \u001b[91m                                        ~~~~\u001b[0m\n","name":"C:\\Dev\\Pontiff\\apps\\api\\src\\tests\\modules-9-12.test.ts","startTime":1770633709645,"status":"failed","summary":""}],"wasInterrupted":false,"coverageMap":{"C:\\Dev\\Pontiff\\apps\\api\\src\\routes\\share.ts":{"path":"C:\\Dev\\Pontiff\\apps\\api\\src\\routes\\share.ts","statementMap":{"0":{"start":{"line":1,"column":0},"end":{"line":1,"column":30}},"1":{"start":{"line":2,"column":0},"end":{"line":2,"column":47}},"2":{"start":{"line":3,"column":0},"end":{"line":3,"column":45}},"3":{"start":{"line":5,"column":15},"end":{"line":5,"column":31}},"4":{"start":{"line":9,"column":0},"end":{"line":41,"column":3}},"5":{"start":{"line":10,"column":29},"end":{"line":10,"column":39}},"6":{"start":{"line":12,"column":4},"end":{"line":40,"column":5}},"7":{"start":{"line":14,"column":44},"end":{"line":18,"column":21}},"8":{"start":{"line":20,"column":8},"end":{"line":22,"column":9}},"9":{"start":{"line":21,"column":12},"end":{"line":21,"column":91}},"10":{"start":{"line":25,"column":8},"end":{"line":29,"column":11}},"11":{"start":{"line":31,"column":8},"end":{"line":35,"column":11}},"12":{"start":{"line":38,"column":8},"end":{"line":38,"column":45}},"13":{"start":{"line":39,"column":8},"end":{"line":39,"column":88}},"14":{"start":{"line":43,"column":0},"end":{"line":43,"column":22}}},"fnMap":{"0":{"name":"(anonymous_1)","decl":{"start":{"line":9,"column":30},"end":{"line":9,"column":35}},"loc":{"start":{"line":9,"column":49},"end":{"line":41,"column":1}}}},"branchMap":{"0":{"loc":{"start":{"line":20,"column":8},"end":{"line":22,"column":9}},"type":"if","locations":[{"start":{"line":20,"column":8},"end":{"line":22,"column":9}}]},"1":{"loc":{"start":{"line":20,"column":12},"end":{"line":20,"column":32}},"type":"binary-expr","locations":[{"start":{"line":20,"column":12},"end":{"line":20,"column":17}},{"start":{"line":20,"column":21},"end":{"line":20,"column":32}}]},"2":{"loc":{"start":{"line":27,"column":19},"end":{"line":27,"column":60}},"type":"binary-expr","locations":[{"start":{"line":27,"column":19},"end":{"line":27,"column":40}},{"start":{"line":27,"column":44},"end":{"line":27,"column":60}}]},"3":{"loc":{"start":{"line":28,"column":27},"end":{"line":28,"column":73}},"type":"binary-expr","locations":[{"start":{"line":28,"column":27},"end":{"line":28,"column":52}},{"start":{"line":28,"column":56},"end":{"line":28,"column":73}}]}},"s":{"0":0,"1":0,"2":0,"3":0,"4":0,"5":0,"6":0,"7":0,"8":0,"9":0,"10":0,"11":0,"12":0,"13":0,"14":0},"f":{"0":0},"b":{"0":[0],"1":[0,0],"2":[0,0],"3":[0,0]}},"C:\\Dev\\Pontiff\\apps\\api\\src\\websocket.ts":{"path":"C:\\Dev\\Pontiff\\apps\\api\\src\\websocket.ts","statementMap":{"0":{"start":{"line":7,"column":0},"end":{"line":7,"column":16}},"1":{"start":{"line":83,"column":0},"end":{"line":83,"column":16}},"2":{"start":{"line":89,"column":0},"end":{"line":89,"column":16}},"3":{"start":{"line":2,"column":0},"end":{"line":2,"column":53}},"4":{"start":{"line":3,"column":0},"end":{"line":3,"column":44}},"5":{"start":{"line":5,"column":32},"end":{"line":5,"column":36}},"6":{"start":{"line":95,"column":9},"end":{"line":95,"column":11}},"7":{"start":{"line":8,"column":4},"end":{"line":13,"column":7}},"8":{"start":{"line":15,"column":4},"end":{"line":39,"column":7}},"9":{"start":{"line":16,"column":8},"end":{"line":16,"column":54}},"10":{"start":{"line":19,"column":8},"end":{"line":22,"column":11}},"11":{"start":{"line":20,"column":12},"end":{"line":20,"column":39}},"12":{"start":{"line":21,"column":12},"end":{"line":21,"column":66}},"13":{"start":{"line":25,"column":8},"end":{"line":28,"column":11}},"14":{"start":{"line":26,"column":12},"end":{"line":26,"column":42}},"15":{"start":{"line":27,"column":12},"end":{"line":27,"column":69}},"16":{"start":{"line":31,"column":8},"end":{"line":34,"column":11}},"17":{"start":{"line":32,"column":12},"end":{"line":32,"column":39}},"18":{"start":{"line":33,"column":12},"end":{"line":33,"column":66}},"19":{"start":{"line":36,"column":8},"end":{"line":38,"column":11}},"20":{"start":{"line":37,"column":12},"end":{"line":37,"column":61}},"21":{"start":{"line":42,"column":4},"end":{"line":42,"column":29}},"22":{"start":{"line":44,"column":4},"end":{"line":44,"column":14}},"23":{"start":{"line":49,"column":4},"end":{"line":59,"column":21}},"24":{"start":{"line":52,"column":12},"end":{"line":57,"column":13}},"25":{"start":{"line":53,"column":16},"end":{"line":53,"column":70}},"26":{"start":{"line":54,"column":16},"end":{"line":56,"column":17}},"27":{"start":{"line":55,"column":20},"end":{"line":55,"column":84}},"28":{"start":{"line":62,"column":4},"end":{"line":70,"column":21}},"29":{"start":{"line":65,"column":12},"end":{"line":68,"column":13}},"30":{"start":{"line":66,"column":16},"end":{"line":66,"column":77}},"31":{"start":{"line":67,"column":16},"end":{"line":67,"column":83}},"32":{"start":{"line":73,"column":4},"end":{"line":80,"column":21}},"33":{"start":{"line":76,"column":12},"end":{"line":78,"column":13}},"34":{"start":{"line":77,"column":16},"end":{"line":77,"column":68}},"35":{"start":{"line":84,"column":4},"end":{"line":86,"column":5}},"36":{"start":{"line":85,"column":8},"end":{"line":85,"column":56}},"37":{"start":{"line":90,"column":4},"end":{"line":92,"column":5}},"38":{"start":{"line":91,"column":8},"end":{"line":91,"column":57}}},"fnMap":{"0":{"name":"initializeWebSocket","decl":{"start":{"line":7,"column":16},"end":{"line":7,"column":35}},"loc":{"start":{"line":7,"column":54},"end":{"line":45,"column":1}}},"1":{"name":"(anonymous_1)","decl":{"start":{"line":15,"column":24},"end":{"line":15,"column":25}},"loc":{"start":{"line":15,"column":35},"end":{"line":39,"column":5}}},"2":{"name":"(anonymous_2)","decl":{"start":{"line":19,"column":37},"end":{"line":19,"column":40}},"loc":{"start":{"line":19,"column":42},"end":{"line":22,"column":9}}},"3":{"name":"(anonymous_3)","decl":{"start":{"line":25,"column":36},"end":{"line":25,"column":37}},"loc":{"start":{"line":25,"column":55},"end":{"line":28,"column":9}}},"4":{"name":"(anonymous_4)","decl":{"start":{"line":31,"column":43},"end":{"line":31,"column":46}},"loc":{"start":{"line":31,"column":48},"end":{"line":34,"column":9}}},"5":{"name":"(anonymous_5)","decl":{"start":{"line":36,"column":32},"end":{"line":36,"column":35}},"loc":{"start":{"line":36,"column":37},"end":{"line":38,"column":9}}},"6":{"name":"setupRealtimeListeners","decl":{"start":{"line":47,"column":9},"end":{"line":47,"column":31}},"loc":{"start":{"line":47,"column":31},"end":{"line":81,"column":1}}},"7":{"name":"(anonymous_7)","decl":{"start":{"line":51,"column":82},"end":{"line":51,"column":83}},"loc":{"start":{"line":51,"column":99},"end":{"line":58,"column":9}}},"8":{"name":"(anonymous_8)","decl":{"start":{"line":64,"column":96},"end":{"line":64,"column":97}},"loc":{"start":{"line":64,"column":113},"end":{"line":69,"column":9}}},"9":{"name":"(anonymous_9)","decl":{"start":{"line":75,"column":94},"end":{"line":75,"column":95}},"loc":{"start":{"line":75,"column":111},"end":{"line":79,"column":9}}},"10":{"name":"broadcastWorldStateUpdate","decl":{"start":{"line":83,"column":16},"end":{"line":83,"column":41}},"loc":{"start":{"line":83,"column":51},"end":{"line":87,"column":1}}},"11":{"name":"broadcastGameUpdate","decl":{"start":{"line":89,"column":16},"end":{"line":89,"column":35}},"loc":{"start":{"line":89,"column":61},"end":{"line":93,"column":1}}}},"branchMap":{"0":{"loc":{"start":{"line":10,"column":20},"end":{"line":10,"column":71}},"type":"binary-expr","locations":[{"start":{"line":10,"column":20},"end":{"line":10,"column":44}},{"start":{"line":10,"column":48},"end":{"line":10,"column":71}}]},"1":{"loc":{"start":{"line":52,"column":12},"end":{"line":57,"column":13}},"type":"if","locations":[{"start":{"line":52,"column":12},"end":{"line":57,"column":13}}]},"2":{"loc":{"start":{"line":54,"column":16},"end":{"line":56,"column":17}},"type":"if","locations":[{"start":{"line":54,"column":16},"end":{"line":56,"column":17}}]},"3":{"loc":{"start":{"line":65,"column":12},"end":{"line":68,"column":13}},"type":"if","locations":[{"start":{"line":65,"column":12},"end":{"line":68,"column":13}}]},"4":{"loc":{"start":{"line":76,"column":12},"end":{"line":78,"column":13}},"type":"if","locations":[{"start":{"line":76,"column":12},"end":{"line":78,"column":13}}]},"5":{"loc":{"start":{"line":84,"column":4},"end":{"line":86,"column":5}},"type":"if","locations":[{"start":{"line":84,"column":4},"end":{"line":86,"column":5}}]},"6":{"loc":{"start":{"line":90,"column":4},"end":{"line":92,"column":5}},"type":"if","locations":[{"start":{"line":90,"column":4},"end":{"line":92,"column":5}}]}},"s":{"0":0,"1":0,"2":0,"3":0,"4":0,"5":0,"6":0,"7":0,"8":0,"9":0,"10":0,"11":0,"12":0,"13":0,"14":0,"15":0,"16":0,"17":0,"18":0,"19":0,"20":0,"21":0,"22":0,"23":0,"24":0,"25":0,"26":0,"27":0,"28":0,"29":0,"30":0,"31":0,"32":0,"33":0,"34":0,"35":0,"36":0,"37":0,"38":0},"f":{"0":0,"1":0,"2":0,"3":0,"4":0,"5":0,"6":0,"7":0,"8":0,"9":0,"10":0,"11":0},"b":{"0":[0,0],"1":[0],"2":[0],"3":[0],"4":[0],"5":[0],"6":[0]}},"C:\\Dev\\Pontiff\\apps\\api\\src\\routes\\dashboard.ts":{"path":"C:\\Dev\\Pontiff\\apps\\api\\src\\routes\\dashboard.ts","statementMap":{"0":{"start":{"line":6,"column":0},"end":{"line":6,"column":30}},"1":{"start":{"line":7,"column":0},"end":{"line":7,"column":45}},"2":{"start":{"line":8,"column":0},"end":{"line":8,"column":69}},"3":{"start":{"line":9,"column":0},"end":{"line":9,"column":51}},"4":{"start":{"line":10,"column":0},"end":{"line":10,"column":88}},"5":{"start":{"line":12,"column":15},"end":{"line":12,"column":31}},"6":{"start":{"line":18,"column":0},"end":{"line":112,"column":3}},"7":{"start":{"line":19,"column":4},"end":{"line":111,"column":5}},"8":{"start":{"line":29,"column":12},"end":{"line":37,"column":10}},"9":{"start":{"line":40,"column":30},"end":{"line":40,"column":54}},"10":{"start":{"line":41,"column":32},"end":{"line":41,"column":58}},"11":{"start":{"line":42,"column":33},"end":{"line":42,"column":80}},"12":{"start":{"line":42,"column":51},"end":{"line":42,"column":72}},"13":{"start":{"line":43,"column":36},"end":{"line":43,"column":86}},"14":{"start":{"line":43,"column":54},"end":{"line":43,"column":78}},"15":{"start":{"line":44,"column":24},"end":{"line":44,"column":47}},"16":{"start":{"line":46,"column":24},"end":{"line":58,"column":10}},"17":{"start":{"line":55,"column":47},"end":{"line":55,"column":68}},"18":{"start":{"line":57,"column":49},"end":{"line":57,"column":70}},"19":{"start":{"line":61,"column":25},"end":{"line":67,"column":11}},"20":{"start":{"line":61,"column":51},"end":{"line":67,"column":10}},"21":{"start":{"line":70,"column":28},"end":{"line":79,"column":15}},"22":{"start":{"line":71,"column":25},"end":{"line":71,"column":46}},"23":{"start":{"line":73,"column":23},"end":{"line":79,"column":14}},"24":{"start":{"line":82,"column":30},"end":{"line":90,"column":15}},"25":{"start":{"line":83,"column":25},"end":{"line":83,"column":46}},"26":{"start":{"line":85,"column":23},"end":{"line":90,"column":14}},"27":{"start":{"line":87,"column":50},"end":{"line":87,"column":80}},"28":{"start":{"line":93,"column":29},"end":{"line":93,"column":52}},"29":{"start":{"line":95,"column":8},"end":{"line":104,"column":11}},"30":{"start":{"line":106,"column":8},"end":{"line":106,"column":49}},"31":{"start":{"line":107,"column":8},"end":{"line":110,"column":11}},"32":{"start":{"line":118,"column":28},"end":{"line":122,"column":21}},"33":{"start":{"line":124,"column":4},"end":{"line":127,"column":5}},"34":{"start":{"line":125,"column":8},"end":{"line":125,"column":61}},"35":{"start":{"line":126,"column":8},"end":{"line":126,"column":18}},"36":{"start":{"line":129,"column":4},"end":{"line":129,"column":22}},"37":{"start":{"line":136,"column":28},"end":{"line":140,"column":19}},"38":{"start":{"line":142,"column":4},"end":{"line":145,"column":5}},"39":{"start":{"line":143,"column":8},"end":{"line":143,"column":54}},"40":{"start":{"line":144,"column":8},"end":{"line":144,"column":18}},"41":{"start":{"line":147,"column":4},"end":{"line":147,"column":22}},"42":{"start":{"line":154,"column":28},"end":{"line":157,"column":49}},"43":{"start":{"line":159,"column":4},"end":{"line":162,"column":5}},"44":{"start":{"line":160,"column":8},"end":{"line":160,"column":57}},"45":{"start":{"line":161,"column":8},"end":{"line":161,"column":18}},"46":{"start":{"line":164,"column":4},"end":{"line":164,"column":22}},"47":{"start":{"line":172,"column":29},"end":{"line":174,"column":65}},"48":{"start":{"line":176,"column":4},"end":{"line":179,"column":5}},"49":{"start":{"line":177,"column":8},"end":{"line":177,"column":57}},"50":{"start":{"line":178,"column":8},"end":{"line":178,"column":17}},"51":{"start":{"line":181,"column":4},"end":{"line":181,"column":22}},"52":{"start":{"line":190,"column":4},"end":{"line":190,"column":20}},"53":{"start":{"line":197,"column":26},"end":{"line":197,"column":58}},"54":{"start":{"line":198,"column":27},"end":{"line":198,"column":70}},"55":{"start":{"line":198,"column":45},"end":{"line":198,"column":69}},"56":{"start":{"line":200,"column":4},"end":{"line":200,"column":46}},"57":{"start":{"line":200,"column":37},"end":{"line":200,"column":46}},"58":{"start":{"line":202,"column":17},"end":{"line":202,"column":78}},"59":{"start":{"line":202,"column":44},"end":{"line":202,"column":70}},"60":{"start":{"line":203,"column":4},"end":{"line":203,"column":48}},"61":{"start":{"line":211,"column":30},"end":{"line":216,"column":17}},"62":{"start":{"line":219,"column":29},"end":{"line":224,"column":17}},"63":{"start":{"line":227,"column":31},"end":{"line":232,"column":17}},"64":{"start":{"line":239,"column":21},"end":{"line":243,"column":6}},"65":{"start":{"line":239,"column":34},"end":{"line":243,"column":6}},"66":{"start":{"line":245,"column":4},"end":{"line":249,"column":6}},"67":{"start":{"line":252,"column":0},"end":{"line":252,"column":22}}},"fnMap":{"0":{"name":"(anonymous_1)","decl":{"start":{"line":18,"column":16},"end":{"line":18,"column":21}},"loc":{"start":{"line":18,"column":35},"end":{"line":112,"column":1}}},"1":{"name":"(anonymous_2)","decl":{"start":{"line":42,"column":46},"end":{"line":42,"column":47}},"loc":{"start":{"line":42,"column":51},"end":{"line":42,"column":72}}},"2":{"name":"(anonymous_3)","decl":{"start":{"line":43,"column":49},"end":{"line":43,"column":50}},"loc":{"start":{"line":43,"column":54},"end":{"line":43,"column":78}}},"3":{"name":"(anonymous_4)","decl":{"start":{"line":55,"column":42},"end":{"line":55,"column":43}},"loc":{"start":{"line":55,"column":47},"end":{"line":55,"column":68}}},"4":{"name":"(anonymous_5)","decl":{"start":{"line":57,"column":44},"end":{"line":57,"column":45}},"loc":{"start":{"line":57,"column":49},"end":{"line":57,"column":70}}},"5":{"name":"(anonymous_6)","decl":{"start":{"line":61,"column":41},"end":{"line":61,"column":46}},"loc":{"start":{"line":61,"column":51},"end":{"line":67,"column":10}}},"6":{"name":"(anonymous_7)","decl":{"start":{"line":71,"column":20},"end":{"line":71,"column":21}},"loc":{"start":{"line":71,"column":25},"end":{"line":71,"column":46}}},"7":{"name":"(anonymous_8)","decl":{"start":{"line":73,"column":17},"end":{"line":73,"column":18}},"loc":{"start":{"line":73,"column":23},"end":{"line":79,"column":14}}},"8":{"name":"(anonymous_9)","decl":{"start":{"line":83,"column":20},"end":{"line":83,"column":21}},"loc":{"start":{"line":83,"column":25},"end":{"line":83,"column":46}}},"9":{"name":"(anonymous_10)","decl":{"start":{"line":85,"column":17},"end":{"line":85,"column":18}},"loc":{"start":{"line":85,"column":23},"end":{"line":90,"column":14}}},"10":{"name":"(anonymous_11)","decl":{"start":{"line":87,"column":45},"end":{"line":87,"column":46}},"loc":{"start":{"line":87,"column":50},"end":{"line":87,"column":80}}},"11":{"name":"getWorldEvents","decl":{"start":{"line":117,"column":15},"end":{"line":117,"column":29}},"loc":{"start":{"line":117,"column":48},"end":{"line":130,"column":1}}},"12":{"name":"getGames","decl":{"start":{"line":135,"column":15},"end":{"line":135,"column":23}},"loc":{"start":{"line":135,"column":23},"end":{"line":148,"column":1}}},"13":{"name":"getCrusades","decl":{"start":{"line":153,"column":15},"end":{"line":153,"column":26}},"loc":{"start":{"line":153,"column":26},"end":{"line":165,"column":1}}},"14":{"name":"getTotalEntrants","decl":{"start":{"line":170,"column":15},"end":{"line":170,"column":31}},"loc":{"start":{"line":170,"column":31},"end":{"line":182,"column":1}}},"15":{"name":"getTreasuryBalance","decl":{"start":{"line":187,"column":15},"end":{"line":187,"column":33}},"loc":{"start":{"line":187,"column":33},"end":{"line":191,"column":1}}},"16":{"name":"calculateWinRate","decl":{"start":{"line":196,"column":9},"end":{"line":196,"column":25}},"loc":{"start":{"line":196,"column":38},"end":{"line":204,"column":1}}},"17":{"name":"(anonymous_18)","decl":{"start":{"line":198,"column":40},"end":{"line":198,"column":41}},"loc":{"start":{"line":198,"column":45},"end":{"line":198,"column":69}}},"18":{"name":"(anonymous_19)","decl":{"start":{"line":202,"column":39},"end":{"line":202,"column":40}},"loc":{"start":{"line":202,"column":44},"end":{"line":202,"column":70}}},"19":{"name":"getLeaderboards","decl":{"start":{"line":209,"column":15},"end":{"line":209,"column":30}},"loc":{"start":{"line":209,"column":30},"end":{"line":250,"column":1}}},"20":{"name":"(anonymous_21)","decl":{"start":{"line":239,"column":21},"end":{"line":239,"column":22}},"loc":{"start":{"line":239,"column":34},"end":{"line":243,"column":6}}}},"branchMap":{"0":{"loc":{"start":{"line":76,"column":26},"end":{"line":76,"column":90}},"type":"cond-expr","locations":[{"start":{"line":76,"column":69},"end":{"line":76,"column":78}},{"start":{"line":76,"column":81},"end":{"line":76,"column":90}}]},"1":{"loc":{"start":{"line":117,"column":30},"end":{"line":117,"column":48}},"type":"default-arg","locations":[{"start":{"line":117,"column":46},"end":{"line":117,"column":48}}]},"2":{"loc":{"start":{"line":124,"column":4},"end":{"line":127,"column":5}},"type":"if","locations":[{"start":{"line":124,"column":4},"end":{"line":127,"column":5}}]},"3":{"loc":{"start":{"line":129,"column":11},"end":{"line":129,"column":21}},"type":"binary-expr","locations":[{"start":{"line":129,"column":11},"end":{"line":129,"column":15}},{"start":{"line":129,"column":19},"end":{"line":129,"column":21}}]},"4":{"loc":{"start":{"line":142,"column":4},"end":{"line":145,"column":5}},"type":"if","locations":[{"start":{"line":142,"column":4},"end":{"line":145,"column":5}}]},"5":{"loc":{"start":{"line":147,"column":11},"end":{"line":147,"column":21}},"type":"binary-expr","locations":[{"start":{"line":147,"column":11},"end":{"line":147,"column":15}},{"start":{"line":147,"column":19},"end":{"line":147,"column":21}}]},"6":{"loc":{"start":{"line":159,"column":4},"end":{"line":162,"column":5}},"type":"if","locations":[{"start":{"line":159,"column":4},"end":{"line":162,"column":5}}]},"7":{"loc":{"start":{"line":164,"column":11},"end":{"line":164,"column":21}},"type":"binary-expr","locations":[{"start":{"line":164,"column":11},"end":{"line":164,"column":15}},{"start":{"line":164,"column":19},"end":{"line":164,"column":21}}]},"8":{"loc":{"start":{"line":176,"column":4},"end":{"line":179,"column":5}},"type":"if","locations":[{"start":{"line":176,"column":4},"end":{"line":179,"column":5}}]},"9":{"loc":{"start":{"line":181,"column":11},"end":{"line":181,"column":21}},"type":"binary-expr","locations":[{"start":{"line":181,"column":11},"end":{"line":181,"column":16}},{"start":{"line":181,"column":20},"end":{"line":181,"column":21}}]},"10":{"loc":{"start":{"line":197,"column":26},"end":{"line":197,"column":58}},"type":"binary-expr","locations":[{"start":{"line":197,"column":26},"end":{"line":197,"column":52}},{"start":{"line":197,"column":56},"end":{"line":197,"column":58}}]},"11":{"loc":{"start":{"line":200,"column":4},"end":{"line":200,"column":46}},"type":"if","locations":[{"start":{"line":200,"column":4},"end":{"line":200,"column":46}}]},"12":{"loc":{"start":{"line":246,"column":21},"end":{"line":246,"column":34}},"type":"binary-expr","locations":[{"start":{"line":246,"column":21},"end":{"line":246,"column":28}},{"start":{"line":246,"column":32},"end":{"line":246,"column":34}}]},"13":{"loc":{"start":{"line":247,"column":20},"end":{"line":247,"column":32}},"type":"binary-expr","locations":[{"start":{"line":247,"column":20},"end":{"line":247,"column":26}},{"start":{"line":247,"column":30},"end":{"line":247,"column":32}}]},"14":{"loc":{"start":{"line":248,"column":22},"end":{"line":248,"column":36}},"type":"binary-expr","locations":[{"start":{"line":248,"column":22},"end":{"line":248,"column":30}},{"start":{"line":248,"column":34},"end":{"line":248,"column":36}}]}},"s":{"0":0,"1":0,"2":0,"3":0,"4":0,"5":0,"6":0,"7":0,"8":0,"9":0,"10":0,"11":0,"12":0,"13":0,"14":0,"15":0,"16":0,"17":0,"18":0,"19":0,"20":0,"21":0,"22":0,"23":0,"24":0,"25":0,"26":0,"27":0,"28":0,"29":0,"30":0,"31":0,"32":0,"33":0,"34":0,"35":0,"36":0,"37":0,"38":0,"39":0,"40":0,"41":0,"42":0,"43":0,"44":0,"45":0,"46":0,"47":0,"48":0,"49":0,"50":0,"51":0,"52":0,"53":0,"54":0,"55":0,"56":0,"57":0,"58":0,"59":0,"60":0,"61":0,"62":0,"63":0,"64":0,"65":0,"66":0,"67":0},"f":{"0":0,"1":0,"2":0,"3":0,"4":0,"5":0,"6":0,"7":0,"8":0,"9":0,"10":0,"11":0,"12":0,"13":0,"14":0,"15":0,"16":0,"17":0,"18":0,"19":0,"20":0},"b":{"0":[0,0],"1":[0],"2":[0],"3":[0,0],"4":[0],"5":[0,0],"6":[0],"7":[0,0],"8":[0],"9":[0,0],"10":[0,0],"11":[0],"12":[0,0],"13":[0,0],"14":[0,0]}},"C:\\Dev\\Pontiff\\apps\\api\\src\\routes\\scanner.ts":{"path":"C:\\Dev\\Pontiff\\apps\\api\\src\\routes\\scanner.ts","statementMap":{"0":{"start":{"line":1,"column":0},"end":{"line":1,"column":33}},"1":{"start":{"line":2,"column":0},"end":{"line":2,"column":49}},"2":{"start":{"line":3,"column":0},"end":{"line":3,"column":63}},"3":{"start":{"line":5,"column":15},"end":{"line":5,"column":23}},"4":{"start":{"line":11,"column":0},"end":{"line":51,"column":3}},"5":{"start":{"line":12,"column":4},"end":{"line":50,"column":5}},"6":{"start":{"line":13,"column":28},"end":{"line":13,"column":38}},"7":{"start":{"line":16,"column":8},"end":{"line":20,"column":9}},"8":{"start":{"line":17,"column":12},"end":{"line":19,"column":15}},"9":{"start":{"line":22,"column":8},"end":{"line":22,"column":58}},"10":{"start":{"line":25,"column":27},"end":{"line":25,"column":66}},"11":{"start":{"line":28,"column":21},"end":{"line":28,"column":65}},"12":{"start":{"line":31,"column":8},"end":{"line":33,"column":9}},"13":{"start":{"line":32,"column":12},"end":{"line":32,"column":54}},"14":{"start":{"line":36,"column":8},"end":{"line":43,"column":11}},"15":{"start":{"line":45,"column":8},"end":{"line":45,"column":48}},"16":{"start":{"line":46,"column":8},"end":{"line":49,"column":11}},"17":{"start":{"line":57,"column":0},"end":{"line":109,"column":3}},"18":{"start":{"line":58,"column":4},"end":{"line":108,"column":5}},"19":{"start":{"line":59,"column":30},"end":{"line":59,"column":38}},"20":{"start":{"line":61,"column":8},"end":{"line":65,"column":9}},"21":{"start":{"line":62,"column":12},"end":{"line":64,"column":15}},"22":{"start":{"line":67,"column":8},"end":{"line":71,"column":9}},"23":{"start":{"line":68,"column":12},"end":{"line":70,"column":15}},"24":{"start":{"line":73,"column":24},"end":{"line":95,"column":null}},"25":{"start":{"line":75,"column":16},"end":{"line":94,"column":17}},"26":{"start":{"line":76,"column":39},"end":{"line":76,"column":78}},"27":{"start":{"line":77,"column":33},"end":{"line":77,"column":77}},"28":{"start":{"line":79,"column":20},"end":{"line":81,"column":21}},"29":{"start":{"line":80,"column":24},"end":{"line":80,"column":66}},"30":{"start":{"line":83,"column":20},"end":{"line":87,"column":22}},"31":{"start":{"line":89,"column":20},"end":{"line":93,"column":22}},"32":{"start":{"line":98,"column":8},"end":{"line":101,"column":11}},"33":{"start":{"line":103,"column":8},"end":{"line":103,"column":54}},"34":{"start":{"line":104,"column":8},"end":{"line":107,"column":11}},"35":{"start":{"line":111,"column":0},"end":{"line":111,"column":22}}},"fnMap":{"0":{"name":"(anonymous_0)","decl":{"start":{"line":11,"column":29},"end":{"line":11,"column":34}},"loc":{"start":{"line":11,"column":48},"end":{"line":51,"column":1}}},"1":{"name":"(anonymous_1)","decl":{"start":{"line":57,"column":21},"end":{"line":57,"column":26}},"loc":{"start":{"line":57,"column":40},"end":{"line":109,"column":1}}},"2":{"name":"(anonymous_2)","decl":{"start":{"line":74,"column":26},"end":{"line":74,"column":31}},"loc":{"start":{"line":74,"column":44},"end":{"line":95,"column":13}}}},"branchMap":{"0":{"loc":{"start":{"line":16,"column":8},"end":{"line":20,"column":9}},"type":"if","locations":[{"start":{"line":16,"column":8},"end":{"line":20,"column":9}}]},"1":{"loc":{"start":{"line":16,"column":12},"end":{"line":16,"column":61}},"type":"binary-expr","locations":[{"start":{"line":16,"column":12},"end":{"line":16,"column":20}},{"start":{"line":16,"column":24},"end":{"line":16,"column":61}}]},"2":{"loc":{"start":{"line":31,"column":8},"end":{"line":33,"column":9}},"type":"if","locations":[{"start":{"line":31,"column":8},"end":{"line":33,"column":9}}]},"3":{"loc":{"start":{"line":48,"column":21},"end":{"line":48,"column":77}},"type":"cond-expr","locations":[{"start":{"line":48,"column":46},"end":{"line":48,"column":59}},{"start":{"line":48,"column":62},"end":{"line":48,"column":77}}]},"4":{"loc":{"start":{"line":61,"column":8},"end":{"line":65,"column":9}},"type":"if","locations":[{"start":{"line":61,"column":8},"end":{"line":65,"column":9}}]},"5":{"loc":{"start":{"line":61,"column":12},"end":{"line":61,"column":63}},"type":"binary-expr","locations":[{"start":{"line":61,"column":12},"end":{"line":61,"column":37}},{"start":{"line":61,"column":41},"end":{"line":61,"column":63}}]},"6":{"loc":{"start":{"line":67,"column":8},"end":{"line":71,"column":9}},"type":"if","locations":[{"start":{"line":67,"column":8},"end":{"line":71,"column":9}}]},"7":{"loc":{"start":{"line":79,"column":20},"end":{"line":81,"column":21}},"type":"if","locations":[{"start":{"line":79,"column":20},"end":{"line":81,"column":21}}]},"8":{"loc":{"start":{"line":92,"column":31},"end":{"line":92,"column":87}},"type":"cond-expr","locations":[{"start":{"line":92,"column":56},"end":{"line":92,"column":69}},{"start":{"line":92,"column":72},"end":{"line":92,"column":87}}]},"9":{"loc":{"start":{"line":106,"column":21},"end":{"line":106,"column":77}},"type":"cond-expr","locations":[{"start":{"line":106,"column":46},"end":{"line":106,"column":59}},{"start":{"line":106,"column":62},"end":{"line":106,"column":77}}]}},"s":{"0":0,"1":0,"2":0,"3":0,"4":0,"5":0,"6":0,"7":0,"8":0,"9":0,"10":0,"11":0,"12":0,"13":0,"14":0,"15":0,"16":0,"17":0,"18":0,"19":0,"20":0,"21":0,"22":0,"23":0,"24":0,"25":0,"26":0,"27":0,"28":0,"29":0,"30":0,"31":0,"32":0,"33":0,"34":0,"35":0},"f":{"0":0,"1":0,"2":0},"b":{"0":[0],"1":[0,0],"2":[0],"3":[0,0],"4":[0],"5":[0,0],"6":[0],"7":[0],"8":[0,0],"9":[0,0]}},"C:\\Dev\\Pontiff\\apps\\api\\src\\routes\\auth.ts":{"path":"C:\\Dev\\Pontiff\\apps\\api\\src\\routes\\auth.ts","statementMap":{"0":{"start":{"line":6,"column":0},"end":{"line":6,"column":52}},"1":{"start":{"line":7,"column":0},"end":{"line":7,"column":35}},"2":{"start":{"line":8,"column":0},"end":{"line":8,"column":53}},"3":{"start":{"line":9,"column":0},"end":{"line":9,"column":28}},"4":{"start":{"line":11,"column":15},"end":{"line":11,"column":23}},"5":{"start":{"line":14,"column":17},"end":{"line":16,"column":null}},"6":{"start":{"line":20,"column":19},"end":{"line":20,"column":74}},"7":{"start":{"line":23,"column":0},"end":{"line":30,"column":18}},"8":{"start":{"line":24,"column":16},"end":{"line":24,"column":26}},"9":{"start":{"line":25,"column":4},"end":{"line":29,"column":5}},"10":{"start":{"line":26,"column":8},"end":{"line":28,"column":9}},"11":{"start":{"line":27,"column":12},"end":{"line":27,"column":39}},"12":{"start":{"line":36,"column":0},"end":{"line":64,"column":3}},"13":{"start":{"line":37,"column":4},"end":{"line":63,"column":5}},"14":{"start":{"line":38,"column":28},"end":{"line":38,"column":38}},"15":{"start":{"line":41,"column":8},"end":{"line":45,"column":9}},"16":{"start":{"line":42,"column":12},"end":{"line":44,"column":15}},"17":{"start":{"line":48,"column":22},"end":{"line":48,"column":63}},"18":{"start":{"line":49,"column":26},"end":{"line":49,"column":52}},"19":{"start":{"line":52,"column":8},"end":{"line":52,"column":68}},"20":{"start":{"line":54,"column":8},"end":{"line":57,"column":11}},"21":{"start":{"line":59,"column":8},"end":{"line":59,"column":56}},"22":{"start":{"line":60,"column":8},"end":{"line":62,"column":11}},"23":{"start":{"line":74,"column":0},"end":{"line":165,"column":3}},"24":{"start":{"line":75,"column":4},"end":{"line":164,"column":5}},"25":{"start":{"line":76,"column":39},"end":{"line":76,"column":47}},"26":{"start":{"line":78,"column":8},"end":{"line":82,"column":9}},"27":{"start":{"line":79,"column":12},"end":{"line":81,"column":15}},"28":{"start":{"line":85,"column":28},"end":{"line":85,"column":52}},"29":{"start":{"line":88,"column":24},"end":{"line":88,"column":57}},"30":{"start":{"line":91,"column":28},"end":{"line":91,"column":51}},"31":{"start":{"line":92,"column":8},"end":{"line":96,"column":9}},"32":{"start":{"line":93,"column":12},"end":{"line":95,"column":15}},"33":{"start":{"line":98,"column":8},"end":{"line":102,"column":9}},"34":{"start":{"line":99,"column":12},"end":{"line":101,"column":15}},"35":{"start":{"line":104,"column":8},"end":{"line":109,"column":9}},"36":{"start":{"line":105,"column":12},"end":{"line":105,"column":39}},"37":{"start":{"line":106,"column":12},"end":{"line":108,"column":15}},"38":{"start":{"line":112,"column":8},"end":{"line":125,"column":9}},"39":{"start":{"line":113,"column":27},"end":{"line":113,"column":66}},"40":{"start":{"line":115,"column":12},"end":{"line":119,"column":13}},"41":{"start":{"line":116,"column":16},"end":{"line":118,"column":19}},"42":{"start":{"line":121,"column":12},"end":{"line":121,"column":67}},"43":{"start":{"line":122,"column":12},"end":{"line":124,"column":15}},"44":{"start":{"line":128,"column":8},"end":{"line":128,"column":35}},"45":{"start":{"line":131,"column":29},"end":{"line":131,"column":70}},"46":{"start":{"line":132,"column":26},"end":{"line":132,"column":68}},"47":{"start":{"line":135,"column":55},"end":{"line":144,"column":21}},"48":{"start":{"line":146,"column":8},"end":{"line":151,"column":9}},"49":{"start":{"line":147,"column":12},"end":{"line":147,"column":67}},"50":{"start":{"line":148,"column":12},"end":{"line":150,"column":15}},"51":{"start":{"line":153,"column":8},"end":{"line":158,"column":11}},"52":{"start":{"line":160,"column":8},"end":{"line":160,"column":52}},"53":{"start":{"line":161,"column":8},"end":{"line":163,"column":11}},"54":{"start":{"line":171,"column":0},"end":{"line":196,"column":3}},"55":{"start":{"line":172,"column":4},"end":{"line":195,"column":5}},"56":{"start":{"line":173,"column":29},"end":{"line":173,"column":78}},"57":{"start":{"line":175,"column":8},"end":{"line":179,"column":9}},"58":{"start":{"line":176,"column":12},"end":{"line":178,"column":15}},"59":{"start":{"line":182,"column":8},"end":{"line":185,"column":47}},"60":{"start":{"line":187,"column":8},"end":{"line":189,"column":11}},"61":{"start":{"line":191,"column":8},"end":{"line":191,"column":46}},"62":{"start":{"line":192,"column":8},"end":{"line":194,"column":11}},"63":{"start":{"line":202,"column":0},"end":{"line":243,"column":3}},"64":{"start":{"line":203,"column":4},"end":{"line":242,"column":5}},"65":{"start":{"line":204,"column":29},"end":{"line":204,"column":78}},"66":{"start":{"line":206,"column":8},"end":{"line":210,"column":9}},"67":{"start":{"line":207,"column":12},"end":{"line":209,"column":15}},"68":{"start":{"line":213,"column":41},"end":{"line":218,"column":21}},"69":{"start":{"line":220,"column":8},"end":{"line":224,"column":9}},"70":{"start":{"line":221,"column":12},"end":{"line":223,"column":15}},"71":{"start":{"line":227,"column":8},"end":{"line":230,"column":47}},"72":{"start":{"line":232,"column":8},"end":{"line":236,"column":11}},"73":{"start":{"line":238,"column":8},"end":{"line":238,"column":53}},"74":{"start":{"line":239,"column":8},"end":{"line":241,"column":11}},"75":{"start":{"line":245,"column":0},"end":{"line":245,"column":22}}},"fnMap":{"0":{"name":"(anonymous_1)","decl":{"start":{"line":23,"column":12},"end":{"line":23,"column":15}},"loc":{"start":{"line":23,"column":17},"end":{"line":30,"column":1}}},"1":{"name":"(anonymous_2)","decl":{"start":{"line":36,"column":30},"end":{"line":36,"column":35}},"loc":{"start":{"line":36,"column":68},"end":{"line":64,"column":1}}},"2":{"name":"(anonymous_3)","decl":{"start":{"line":74,"column":23},"end":{"line":74,"column":28}},"loc":{"start":{"line":74,"column":61},"end":{"line":165,"column":1}}},"3":{"name":"(anonymous_4)","decl":{"start":{"line":171,"column":23},"end":{"line":171,"column":28}},"loc":{"start":{"line":171,"column":61},"end":{"line":196,"column":1}}},"4":{"name":"(anonymous_5)","decl":{"start":{"line":202,"column":23},"end":{"line":202,"column":28}},"loc":{"start":{"line":202,"column":61},"end":{"line":243,"column":1}}}},"branchMap":{"0":{"loc":{"start":{"line":26,"column":8},"end":{"line":28,"column":9}},"type":"if","locations":[{"start":{"line":26,"column":8},"end":{"line":28,"column":9}}]},"1":{"loc":{"start":{"line":41,"column":8},"end":{"line":45,"column":9}},"type":"if","locations":[{"start":{"line":41,"column":8},"end":{"line":45,"column":9}}]},"2":{"loc":{"start":{"line":41,"column":12},"end":{"line":41,"column":61}},"type":"binary-expr","locations":[{"start":{"line":41,"column":12},"end":{"line":41,"column":20}},{"start":{"line":41,"column":24},"end":{"line":41,"column":61}}]},"3":{"loc":{"start":{"line":78,"column":8},"end":{"line":82,"column":9}},"type":"if","locations":[{"start":{"line":78,"column":8},"end":{"line":82,"column":9}}]},"4":{"loc":{"start":{"line":78,"column":12},"end":{"line":78,"column":34}},"type":"binary-expr","locations":[{"start":{"line":78,"column":12},"end":{"line":78,"column":20}},{"start":{"line":78,"column":24},"end":{"line":78,"column":34}}]},"5":{"loc":{"start":{"line":92,"column":8},"end":{"line":96,"column":9}},"type":"if","locations":[{"start":{"line":92,"column":8},"end":{"line":96,"column":9}}]},"6":{"loc":{"start":{"line":98,"column":8},"end":{"line":102,"column":9}},"type":"if","locations":[{"start":{"line":98,"column":8},"end":{"line":102,"column":9}}]},"7":{"loc":{"start":{"line":104,"column":8},"end":{"line":109,"column":9}},"type":"if","locations":[{"start":{"line":104,"column":8},"end":{"line":109,"column":9}}]},"8":{"loc":{"start":{"line":115,"column":12},"end":{"line":119,"column":13}},"type":"if","locations":[{"start":{"line":115,"column":12},"end":{"line":119,"column":13}}]},"9":{"loc":{"start":{"line":146,"column":8},"end":{"line":151,"column":9}},"type":"if","locations":[{"start":{"line":146,"column":8},"end":{"line":151,"column":9}}]},"10":{"loc":{"start":{"line":175,"column":8},"end":{"line":179,"column":9}},"type":"if","locations":[{"start":{"line":175,"column":8},"end":{"line":179,"column":9}}]},"11":{"loc":{"start":{"line":206,"column":8},"end":{"line":210,"column":9}},"type":"if","locations":[{"start":{"line":206,"column":8},"end":{"line":210,"column":9}}]},"12":{"loc":{"start":{"line":220,"column":8},"end":{"line":224,"column":9}},"type":"if","locations":[{"start":{"line":220,"column":8},"end":{"line":224,"column":9}}]},"13":{"loc":{"start":{"line":220,"column":12},"end":{"line":220,"column":29}},"type":"binary-expr","locations":[{"start":{"line":220,"column":12},"end":{"line":220,"column":17}},{"start":{"line":220,"column":21},"end":{"line":220,"column":29}}]}},"s":{"0":0,"1":0,"2":0,"3":0,"4":0,"5":0,"6":0,"7":0,"8":0,"9":0,"10":0,"11":0,"12":0,"13":0,"14":0,"15":0,"16":0,"17":0,"18":0,"19":0,"20":0,"21":0,"22":0,"23":0,"24":0,"25":0,"26":0,"27":0,"28":0,"29":0,"30":0,"31":0,"32":0,"33":0,"34":0,"35":0,"36":0,"37":0,"38":0,"39":0,"40":0,"41":0,"42":0,"43":0,"44":0,"45":0,"46":0,"47":0,"48":0,"49":0,"50":0,"51":0,"52":0,"53":0,"54":0,"55":0,"56":0,"57":0,"58":0,"59":0,"60":0,"61":0,"62":0,"63":0,"64":0,"65":0,"66":0,"67":0,"68":0,"69":0,"70":0,"71":0,"72":0,"73":0,"74":0,"75":0},"f":{"0":0,"1":0,"2":0,"3":0,"4":0},"b":{"0":[0],"1":[0],"2":[0,0],"3":[0],"4":[0,0],"5":[0],"6":[0],"7":[0],"8":[0],"9":[0],"10":[0],"11":[0],"12":[0],"13":[0,0]}},"C:\\Dev\\Pontiff\\apps\\api\\src\\routes\\confession.ts":{"path":"C:\\Dev\\Pontiff\\apps\\api\\src\\routes\\confession.ts","statementMap":{"0":{"start":{"line":1,"column":0},"end":{"line":1,"column":33}},"1":{"start":{"line":2,"column":0},"end":{"line":2,"column":49}},"2":{"start":{"line":3,"column":0},"end":{"line":3,"column":77}},"3":{"start":{"line":4,"column":0},"end":{"line":4,"column":101}},"4":{"start":{"line":5,"column":0},"end":{"line":5,"column":54}},"5":{"start":{"line":6,"column":0},"end":{"line":6,"column":80}},"6":{"start":{"line":8,"column":15},"end":{"line":8,"column":23}},"7":{"start":{"line":17,"column":0},"end":{"line":105,"column":3}},"8":{"start":{"line":18,"column":4},"end":{"line":104,"column":5}},"9":{"start":{"line":19,"column":34},"end":{"line":19,"column":42}},"10":{"start":{"line":22,"column":8},"end":{"line":26,"column":9}},"11":{"start":{"line":23,"column":12},"end":{"line":25,"column":15}},"12":{"start":{"line":28,"column":8},"end":{"line":28,"column":65}},"13":{"start":{"line":31,"column":8},"end":{"line":31,"column":47}},"14":{"start":{"line":32,"column":27},"end":{"line":32,"column":72}},"15":{"start":{"line":35,"column":8},"end":{"line":35,"column":46}},"16":{"start":{"line":36,"column":22},"end":{"line":40,"column":null}},"17":{"start":{"line":44,"column":8},"end":{"line":44,"column":48}},"18":{"start":{"line":45,"column":21},"end":{"line":45,"column":71}},"19":{"start":{"line":48,"column":8},"end":{"line":50,"column":9}},"20":{"start":{"line":49,"column":12},"end":{"line":49,"column":54}},"21":{"start":{"line":53,"column":27},"end":{"line":56,"column":null}},"22":{"start":{"line":60,"column":8},"end":{"line":60,"column":51}},"23":{"start":{"line":61,"column":42},"end":{"line":61,"column":46}},"24":{"start":{"line":63,"column":8},"end":{"line":78,"column":9}},"25":{"start":{"line":64,"column":30},"end":{"line":67,"column":null}},"26":{"start":{"line":70,"column":12},"end":{"line":74,"column":13}},"27":{"start":{"line":71,"column":34},"end":{"line":71,"column":62}},"28":{"start":{"line":72,"column":16},"end":{"line":72,"column":90}},"29":{"start":{"line":73,"column":16},"end":{"line":73,"column":68}},"30":{"start":{"line":76,"column":12},"end":{"line":76,"column":83}},"31":{"start":{"line":80,"column":8},"end":{"line":80,"column":45}},"32":{"start":{"line":83,"column":8},"end":{"line":97,"column":11}},"33":{"start":{"line":99,"column":8},"end":{"line":99,"column":54}},"34":{"start":{"line":100,"column":8},"end":{"line":103,"column":11}},"35":{"start":{"line":112,"column":0},"end":{"line":151,"column":3}},"36":{"start":{"line":113,"column":4},"end":{"line":150,"column":5}},"37":{"start":{"line":114,"column":45},"end":{"line":114,"column":53}},"38":{"start":{"line":116,"column":8},"end":{"line":120,"column":9}},"39":{"start":{"line":117,"column":12},"end":{"line":119,"column":15}},"40":{"start":{"line":123,"column":27},"end":{"line":123,"column":72}},"41":{"start":{"line":126,"column":23},"end":{"line":132,"column":10}},"42":{"start":{"line":134,"column":8},"end":{"line":143,"column":11}},"43":{"start":{"line":145,"column":8},"end":{"line":145,"column":53}},"44":{"start":{"line":146,"column":8},"end":{"line":149,"column":11}},"45":{"start":{"line":157,"column":0},"end":{"line":174,"column":3}},"46":{"start":{"line":158,"column":4},"end":{"line":173,"column":5}},"47":{"start":{"line":159,"column":23},"end":{"line":159,"column":33}},"48":{"start":{"line":163,"column":8},"end":{"line":166,"column":11}},"49":{"start":{"line":168,"column":8},"end":{"line":168,"column":54}},"50":{"start":{"line":169,"column":8},"end":{"line":172,"column":11}},"51":{"start":{"line":180,"column":4},"end":{"line":180,"column":41}},"52":{"start":{"line":180,"column":27},"end":{"line":180,"column":41}},"53":{"start":{"line":182,"column":23},"end":{"line":182,"column":48}},"54":{"start":{"line":182,"column":37},"end":{"line":182,"column":47}},"55":{"start":{"line":184,"column":4},"end":{"line":184,"column":67}},"56":{"start":{"line":184,"column":45},"end":{"line":184,"column":67}},"57":{"start":{"line":185,"column":4},"end":{"line":185,"column":59}},"58":{"start":{"line":185,"column":41},"end":{"line":185,"column":59}},"59":{"start":{"line":186,"column":4},"end":{"line":186,"column":55}},"60":{"start":{"line":186,"column":39},"end":{"line":186,"column":55}},"61":{"start":{"line":187,"column":4},"end":{"line":187,"column":19}},"62":{"start":{"line":190,"column":0},"end":{"line":190,"column":22}}},"fnMap":{"0":{"name":"(anonymous_0)","decl":{"start":{"line":17,"column":24},"end":{"line":17,"column":29}},"loc":{"start":{"line":17,"column":43},"end":{"line":105,"column":1}}},"1":{"name":"(anonymous_1)","decl":{"start":{"line":112,"column":30},"end":{"line":112,"column":35}},"loc":{"start":{"line":112,"column":49},"end":{"line":151,"column":1}}},"2":{"name":"(anonymous_2)","decl":{"start":{"line":157,"column":30},"end":{"line":157,"column":35}},"loc":{"start":{"line":157,"column":49},"end":{"line":174,"column":1}}},"3":{"name":"getSeverityLabel","decl":{"start":{"line":179,"column":9},"end":{"line":179,"column":25}},"loc":{"start":{"line":179,"column":37},"end":{"line":188,"column":1}}},"4":{"name":"(anonymous_4)","decl":{"start":{"line":182,"column":32},"end":{"line":182,"column":33}},"loc":{"start":{"line":182,"column":37},"end":{"line":182,"column":47}}}},"branchMap":{"0":{"loc":{"start":{"line":22,"column":8},"end":{"line":26,"column":9}},"type":"if","locations":[{"start":{"line":22,"column":8},"end":{"line":26,"column":9}}]},"1":{"loc":{"start":{"line":22,"column":12},"end":{"line":22,"column":73}},"type":"binary-expr","locations":[{"start":{"line":22,"column":12},"end":{"line":22,"column":26}},{"start":{"line":22,"column":30},"end":{"line":22,"column":73}}]},"2":{"loc":{"start":{"line":48,"column":8},"end":{"line":50,"column":9}},"type":"if","locations":[{"start":{"line":48,"column":8},"end":{"line":50,"column":9}}]},"3":{"loc":{"start":{"line":70,"column":12},"end":{"line":74,"column":13}},"type":"if","locations":[{"start":{"line":70,"column":12},"end":{"line":74,"column":13}}]},"4":{"loc":{"start":{"line":102,"column":21},"end":{"line":102,"column":77}},"type":"cond-expr","locations":[{"start":{"line":102,"column":46},"end":{"line":102,"column":59}},{"start":{"line":102,"column":62},"end":{"line":102,"column":77}}]},"5":{"loc":{"start":{"line":114,"column":31},"end":{"line":114,"column":40}},"type":"default-arg","locations":[{"start":{"line":114,"column":39},"end":{"line":114,"column":40}}]},"6":{"loc":{"start":{"line":116,"column":8},"end":{"line":120,"column":9}},"type":"if","locations":[{"start":{"line":116,"column":8},"end":{"line":120,"column":9}}]},"7":{"loc":{"start":{"line":116,"column":12},"end":{"line":116,"column":73}},"type":"binary-expr","locations":[{"start":{"line":116,"column":12},"end":{"line":116,"column":26}},{"start":{"line":116,"column":30},"end":{"line":116,"column":73}}]},"8":{"loc":{"start":{"line":148,"column":21},"end":{"line":148,"column":77}},"type":"cond-expr","locations":[{"start":{"line":148,"column":46},"end":{"line":148,"column":59}},{"start":{"line":148,"column":62},"end":{"line":148,"column":77}}]},"9":{"loc":{"start":{"line":171,"column":21},"end":{"line":171,"column":77}},"type":"cond-expr","locations":[{"start":{"line":171,"column":46},"end":{"line":171,"column":59}},{"start":{"line":171,"column":62},"end":{"line":171,"column":77}}]},"10":{"loc":{"start":{"line":180,"column":4},"end":{"line":180,"column":41}},"type":"if","locations":[{"start":{"line":180,"column":4},"end":{"line":180,"column":41}}]},"11":{"loc":{"start":{"line":184,"column":4},"end":{"line":184,"column":67}},"type":"if","locations":[{"start":{"line":184,"column":4},"end":{"line":184,"column":67}}]},"12":{"loc":{"start":{"line":185,"column":4},"end":{"line":185,"column":59}},"type":"if","locations":[{"start":{"line":185,"column":4},"end":{"line":185,"column":59}}]},"13":{"loc":{"start":{"line":186,"column":4},"end":{"line":186,"column":55}},"type":"if","locations":[{"start":{"line":186,"column":4},"end":{"line":186,"column":55}}]}},"s":{"0":0,"1":0,"2":0,"3":0,"4":0,"5":0,"6":0,"7":0,"8":0,"9":0,"10":0,"11":0,"12":0,"13":0,"14":0,"15":0,"16":0,"17":0,"18":0,"19":0,"20":0,"21":0,"22":0,"23":0,"24":0,"25":0,"26":0,"27":0,"28":0,"29":0,"30":0,"31":0,"32":0,"33":0,"34":0,"35":0,"36":0,"37":0,"38":0,"39":0,"40":0,"41":0,"42":0,"43":0,"44":0,"45":0,"46":0,"47":0,"48":0,"49":0,"50":0,"51":0,"52":0,"53":0,"54":0,"55":0,"56":0,"57":0,"58":0,"59":0,"60":0,"61":0,"62":0},"f":{"0":0,"1":0,"2":0,"3":0,"4":0},"b":{"0":[0],"1":[0,0],"2":[0],"3":[0],"4":[0,0],"5":[0],"6":[0],"7":[0,0],"8":[0,0],"9":[0,0],"10":[0],"11":[0],"12":[0],"13":[0]}},"C:\\Dev\\Pontiff\\apps\\api\\src\\routes\\indulgence.ts":{"path":"C:\\Dev\\Pontiff\\apps\\api\\src\\routes\\indulgence.ts","statementMap":{"0":{"start":{"line":1,"column":0},"end":{"line":1,"column":33}},"1":{"start":{"line":2,"column":0},"end":{"line":2,"column":32}},"2":{"start":{"line":3,"column":0},"end":{"line":3,"column":89}},"3":{"start":{"line":5,"column":15},"end":{"line":5,"column":23}},"4":{"start":{"line":8,"column":23},"end":{"line":11,"column":2}},"5":{"start":{"line":14,"column":0},"end":{"line":14,"column":null}},"6":{"start":{"line":15,"column":4},"end":{"line":15,"column":null}},"7":{"start":{"line":16,"column":4},"end":{"line":16,"column":null}},"8":{"start":{"line":17,"column":4},"end":{"line":17,"column":null}},"9":{"start":{"line":18,"column":4},"end":{"line":18,"column":null}},"10":{"start":{"line":21,"column":23},"end":{"line":21,"column":70}},"11":{"start":{"line":22,"column":30},"end":{"line":27,"column":2}},"12":{"start":{"line":34,"column":0},"end":{"line":130,"column":3}},"13":{"start":{"line":35,"column":4},"end":{"line":129,"column":5}},"14":{"start":{"line":36,"column":28},"end":{"line":36,"column":38}},"15":{"start":{"line":39,"column":8},"end":{"line":43,"column":9}},"16":{"start":{"line":40,"column":12},"end":{"line":42,"column":15}},"17":{"start":{"line":46,"column":34},"end":{"line":46,"column":73}},"18":{"start":{"line":47,"column":8},"end":{"line":51,"column":9}},"19":{"start":{"line":48,"column":12},"end":{"line":50,"column":15}},"20":{"start":{"line":54,"column":25},"end":{"line":54,"column":113}},"21":{"start":{"line":55,"column":25},"end":{"line":55,"column":89}},"22":{"start":{"line":59,"column":8},"end":{"line":66,"column":9}},"23":{"start":{"line":60,"column":12},"end":{"line":60,"column":57}},"24":{"start":{"line":62,"column":12},"end":{"line":65,"column":15}},"25":{"start":{"line":68,"column":50},"end":{"line":68,"column":57}},"26":{"start":{"line":69,"column":29},"end":{"line":69,"column":61}},"27":{"start":{"line":70,"column":26},"end":{"line":70,"column":42}},"28":{"start":{"line":73,"column":31},"end":{"line":73,"column":112}},"29":{"start":{"line":76,"column":25},"end":{"line":116,"column":10}},"30":{"start":{"line":119,"column":26},"end":{"line":119,"column":50}},"31":{"start":{"line":120,"column":8},"end":{"line":120,"column":65}},"32":{"start":{"line":122,"column":8},"end":{"line":122,"column":34}},"33":{"start":{"line":124,"column":8},"end":{"line":124,"column":52}},"34":{"start":{"line":125,"column":8},"end":{"line":128,"column":11}},"35":{"start":{"line":136,"column":0},"end":{"line":201,"column":3}},"36":{"start":{"line":137,"column":4},"end":{"line":200,"column":5}},"37":{"start":{"line":138,"column":28},"end":{"line":138,"column":38}},"38":{"start":{"line":141,"column":8},"end":{"line":145,"column":9}},"39":{"start":{"line":142,"column":12},"end":{"line":144,"column":15}},"40":{"start":{"line":148,"column":34},"end":{"line":148,"column":73}},"41":{"start":{"line":149,"column":8},"end":{"line":153,"column":9}},"42":{"start":{"line":150,"column":12},"end":{"line":152,"column":15}},"43":{"start":{"line":156,"column":25},"end":{"line":156,"column":113}},"44":{"start":{"line":157,"column":25},"end":{"line":157,"column":89}},"45":{"start":{"line":161,"column":8},"end":{"line":168,"column":9}},"46":{"start":{"line":162,"column":12},"end":{"line":162,"column":57}},"47":{"start":{"line":164,"column":12},"end":{"line":167,"column":15}},"48":{"start":{"line":170,"column":50},"end":{"line":170,"column":57}},"49":{"start":{"line":171,"column":29},"end":{"line":171,"column":61}},"50":{"start":{"line":172,"column":26},"end":{"line":172,"column":42}},"51":{"start":{"line":175,"column":26},"end":{"line":179,"column":null}},"52":{"start":{"line":182,"column":8},"end":{"line":184,"column":9}},"53":{"start":{"line":183,"column":12},"end":{"line":183,"column":60}},"54":{"start":{"line":187,"column":27},"end":{"line":187,"column":50}},"55":{"start":{"line":188,"column":26},"end":{"line":188,"column":59}},"56":{"start":{"line":191,"column":8},"end":{"lin
[...]
,"end":{"line":131,"column":null}},"42":{"start":{"line":135,"column":4},"end":{"line":158,"column":5}},"43":{"start":{"line":137,"column":24},"end":{"line":137,"column":59}},"44":{"start":{"line":138,"column":8},"end":{"line":138,"column":null}},"45":{"start":{"line":138,"column":28},"end":{"line":138,"column":null}},"46":{"start":{"line":141,"column":24},"end":{"line":141,"column":72}},"47":{"start":{"line":144,"column":25},"end":{"line":144,"column":65}},"48":{"start":{"line":147,"column":8},"end":{"line":149,"column":9}},"49":{"start":{"line":148,"column":12},"end":{"line":148,"column":null}},"50":{"start":{"line":151,"column":8},"end":{"line":154,"column":null}},"51":{"start":{"line":156,"column":8},"end":{"line":156,"column":null}},"52":{"start":{"line":157,"column":8},"end":{"line":157,"column":null}},"53":{"start":{"line":162,"column":18},"end":{"line":162,"column":54}},"54":{"start":{"line":163,"column":4},"end":{"line":163,"column":null}},"55":{"start":{"line":169,"column":25},"end":{"line":169,"column":56}},"56":{"start":{"line":170,"column":29},"end":{"line":170,"column":66}},"57":{"start":{"line":172,"column":4},"end":{"line":174,"column":5}},"58":{"start":{"line":173,"column":8},"end":{"line":173,"column":null}},"59":{"start":{"line":177,"column":21},"end":{"line":177,"column":60}},"60":{"start":{"line":178,"column":22},"end":{"line":178,"column":46}},"61":{"start":{"line":180,"column":4},"end":{"line":180,"column":null}},"62":{"start":{"line":184,"column":0},"end":{"line":200,"column":19}},"63":{"start":{"line":185,"column":16},"end":{"line":185,"column":45}},"64":{"start":{"line":186,"column":38},"end":{"line":186,"column":40}},"65":{"start":{"line":188,"column":4},"end":{"line":193,"column":null}},"66":{"start":{"line":189,"column":31},"end":{"line":189,"column":62}},"67":{"start":{"line":190,"column":8},"end":{"line":192,"column":9}},"68":{"start":{"line":191,"column":12},"end":{"line":191,"column":null}},"69":{"start":{"line":195,"column":4},"end":{"line":195,"column":null}},"70":{"start":{"line":195,"column":35},"end":{"line":195,"column":60}},"71":{"start":{"line":197,"column":4},"end":{"line":199,"column":5}},"72":{"start":{"line":198,"column":8},"end":{"line":198,"column":null}}},"fnMap":{"0":{"name":"checkViolation","decl":{"start":{"line":39,"column":22},"end":{"line":39,"column":36}},"loc":{"start":{"line":42,"column":14},"end":{"line":132,"column":1}}},"1":{"name":"(anonymous_1)","decl":{"start":{"line":75,"column":50},"end":{"line":75,"column":51}},"loc":{"start":{"line":75,"column":62},"end":{"line":75,"column":76}}},"2":{"name":"getUserIndulgence","decl":{"start":{"line":134,"column":15},"end":{"line":134,"column":32}},"loc":{"start":{"line":134,"column":45},"end":{"line":159,"column":1}}},"3":{"name":"getBlockTimestamp","decl":{"start":{"line":161,"column":15},"end":{"line":161,"column":32}},"loc":{"start":{"line":161,"column":52},"end":{"line":164,"column":1}}},"4":{"name":"getBlockNumberAtTimestamp","decl":{"start":{"line":166,"column":15},"end":{"line":166,"column":40}},"loc":{"start":{"line":166,"column":58},"end":{"line":181,"column":1}}},"5":{"name":"(anonymous_5)","decl":{"start":{"line":184,"column":12},"end":{"line":184,"column":15}},"loc":{"start":{"line":184,"column":17},"end":{"line":200,"column":1}}},"6":{"name":"(anonymous_6)","decl":{"start":{"line":188,"column":26},"end":{"line":188,"column":27}},"loc":{"start":{"line":188,"column":45},"end":{"line":193,"column":5}}},"7":{"name":"(anonymous_7)","decl":{"start":{"line":195,"column":28},"end":{"line":195,"column":31}},"loc":{"start":{"line":195,"column":35},"end":{"line":195,"column":60}}}},"branchMap":{"0":{"loc":{"start":{"line":46,"column":4},"end":{"line":46,"column":null}},"type":"if","locations":[{"start":{"line":46,"column":4},"end":{"line":46,"column":null}}]},"1":{"loc":{"start":{"line":54,"column":4},"end":{"line":129,"column":5}},"type":"if","locations":[{"start":{"line":54,"column":4},"end":{"line":129,"column":5}},{"start":{"line":125,"column":11},"end":{"line":129,"column":5}}]},"2":{"loc":{"start":{"line":63,"column":8},"end":{"line":65,"column":9}},"type":"if","locations":[{"start":{"line":63,"column":8},"end":{"line":65,"column":9}}]},"3":{"loc":{"start":{"line":86,"column":8},"end":{"line":121,"column":9}},"type":"if","locations":[{"start":{"line":86,"column":8},"end":{"line":121,"column":9}}]},"4":{"loc":{"start":{"line":138,"column":8},"end":{"line":138,"column":null}},"type":"if","locations":[{"start":{"line":138,"column":8},"end":{"line":138,"column":null}}]},"5":{"loc":{"start":{"line":147,"column":8},"end":{"line":149,"column":9}},"type":"if","locations":[{"start":{"line":147,"column":8},"end":{"line":149,"column":9}}]},"6":{"loc":{"start":{"line":172,"column":4},"end":{"line":174,"column":5}},"type":"if","locations":[{"start":{"line":172,"column":4},"end":{"line":174,"column":5}}]},"7":{"loc":{"start":{"line":190,"column":8},"end":{"line":192,"column":9}},"type":"if","locations":[{"start":{"line":190,"column":8},"end":{"line":192,"column":9}}]},"8":{"loc":{"start":{"line":197,"column":4},"end":{"line":199,"column":5}},"type":"if","locations":[{"start":{"line":197,"column":4},"end":{"line":199,"column":5}}]}},"s":{"0":0,"1":0,"2":0,"3":0,"4":0,"5":0,"6":0,"7":0,"8":0,"9":0,"10":0,"11":0,"12":0,"13":0,"14":0,"15":0,"16":0,"17":0,"18":0,"19":0,"20":0,"21":0,"22":0,"23":0,"24":0,"25":0,"26":0,"27":0,"28":0,"29":0,"30":0,"31":0,"32":0,"33":0,"34":0,"35":0,"36":0,"37":0,"38":0,"39":0,"40":0,"41":0,"42":0,"43":0,"44":0,"45":0,"46":0,"47":0,"48":0,"49":0,"50":0,"51":0,"52":0,"53":0,"54":0,"55":0,"56":0,"57":0,"58":0,"59":0,"60":0,"61":0,"62":0,"63":0,"64":0,"65":0,"66":0,"67":0,"68":0,"69":0,"70":0,"71":0,"72":0},"f":{"0":0,"1":0,"2":0,"3":0,"4":0,"5":0,"6":0,"7":0},"b":{"0":[0],"1":[0,0],"2":[0],"3":[0],"4":[0],"5":[0],"6":[0],"7":[0],"8":[0]}},"C:\\Dev\\Pontiff\\apps\\api\\src\\utils\\twitter-client.ts":{"path":"C:\\Dev\\Pontiff\\apps\\api\\src\\utils\\twitter-client.ts","statementMap":{"0":{"start":{"line":21,"column":0},"end":{"line":21,"column":16}},"1":{"start":{"line":58,"column":0},"end":{"line":58,"column":16}},"2":{"start":{"line":65,"column":0},"end":{"line":65,"column":16}},"3":{"start":{"line":78,"column":0},"end":{"line":78,"column":7}},"4":{"start":{"line":102,"column":0},"end":{"line":102,"column":7}},"5":{"start":{"line":129,"column":0},"end":{"line":129,"column":7}},"6":{"start":{"line":157,"column":0},"end":{"line":157,"column":7}},"7":{"start":{"line":11,"column":0},"end":{"line":11,"column":68}},"8":{"start":{"line":14,"column":39},"end":{"line":14,"column":43}},"9":{"start":{"line":15,"column":19},"end":{"line":15,"column":24}},"10":{"start":{"line":22,"column":4},"end":{"line":22,"column":44}},"11":{"start":{"line":22,"column":23},"end":{"line":22,"column":44}},"12":{"start":{"line":24,"column":24},"end":{"line":24,"column":56}},"13":{"start":{"line":25,"column":27},"end":{"line":25,"column":62}},"14":{"start":{"line":26,"column":24},"end":{"line":26,"column":56}},"15":{"start":{"line":27,"column":25},"end":{"line":27,"column":58}},"16":{"start":{"line":30,"column":4},"end":{"line":40,"column":5}},"17":{"start":{"line":31,"column":8},"end":{"line":36,"column":11}},"18":{"start":{"line":37,"column":8},"end":{"line":37,"column":28}},"19":{"start":{"line":38,"column":8},"end":{"line":38,"column":80}},"20":{"start":{"line":39,"column":8},"end":{"line":39,"column":29}},"21":{"start":{"line":43,"column":24},"end":{"line":43,"column":56}},"22":{"start":{"line":44,"column":4},"end":{"line":49,"column":5}},"23":{"start":{"line":45,"column":8},"end":{"line":45,"column":52}},"24":{"start":{"line":46,"column":8},"end":{"line":46,"column":28}},"25":{"start":{"line":47,"column":8},"end":{"line":47,"column":82}},"26":{"start":{"line":48,"column":8},"end":{"line":48,"column":29}},"27":{"start":{"line":51,"column":4},"end":{"line":51,"column":74}},"28":{"start":{"line":52,"column":4},"end":{"line":52,"column":16}},"29":{"start":{"line":59,"column":4},"end":{"line":59,"column":48}},"30":{"start":{"line":66,"column":21},"end":{"line":70,"column":null}},"31":{"start":{"line":72,"column":4},"end":{"line":72,"column":20}},"32":{"start":{"line":79,"column":19},"end":{"line":79,"column":37}},"33":{"start":{"line":81,"column":4},"end":{"line":83,"column":5}},"34":{"start":{"line":82,"column":8},"end":{"line":82,"column":74}},"35":{"start":{"line":85,"column":4},"end":{"line":88,"column":5}},"36":{"start":{"line":86,"column":8},"end":{"line":86,"column":44}},"37":{"start":{"line":87,"column":8},"end":{"line":87,"column":64}},"38":{"start":{"line":90,"column":4},"end":{"line":96,"column":5}},"39":{"start":{"line":91,"column":23},"end":{"line":91,"column":50}},"40":{"start":{"line":92,"column":8},"end":{"line":92,"column":58}},"41":{"start":{"line":94,"column":8},"end":{"line":94,"column":46}},"42":{"start":{"line":95,"column":8},"end":{"line":95,"column":56}},"43":{"start":{"line":106,"column":19},"end":{"line":106,"column":37}},"44":{"start":{"line":108,"column":4},"end":{"line":110,"column":5}},"45":{"start":{"line":109,"column":8},"end":{"line":109,"column":74}},"46":{"start":{"line":112,"column":4},"end":{"line":115,"column":5}},"47":{"start":{"line":113,"column":8},"end":{"line":113,"column":62}},"48":{"start":{"line":114,"column":8},"end":{"line":114,"column":70}},"49":{"start":{"line":117,"column":4},"end":{"line":123,"column":5}},"50":{"start":{"line":118,"column":23},"end":{"line":118,"column":63}},"51":{"start":{"line":119,"column":8},"end":{"line":119,"column":58}},"52":{"start":{"line":121,"column":8},"end":{"line":121,"column":46}},"53":{"start":{"line":122,"column":8},"end":{"line":122,"column":56}},"54":{"start":{"line":133,"column":19},"end":{"line":133,"column":37}},"55":{"start":{"line":135,"column":4},"end":{"line":137,"column":5}},"56":{"start":{"line":136,"column":8},"end":{"line":136,"column":74}},"57":{"start":{"line":139,"column":4},"end":{"line":151,"column":5}},"58":{"start":{"line":140,"column":23},"end":{"line":144,"column":10}},"59":{"start":{"line":146,"column":23},"end":{"line":146,"column":46}},"60":{"start":{"line":147,"column":8},"end":{"line":147,"column":41}},"61":{"start":{"line":149,"column":8},"end":{"line":149,"column":47}},"62":{"start":{"line":150,"column":8},"end":{"line":150,"column":56}},"63":{"start":{"line":161,"column":19},"end":{"line":161,"column":37}},"64":{"start":{"line":163,"column":4},"end":{"line":165,"column":5}},"65":{"start":{"line":164,"column":8},"end":{"line":164,"column":74}},"66":{"start":{"line":167,"column":4},"end":{"line":179,"column":5}},"67":{"start":{"line":168,"column":19},"end":{"line":168,"column":39}},"68":{"start":{"line":169,"column":25},"end":{"line":173,"column":10}},"69":{"start":{"line":175,"column":8},"end":{"line":175,"column":70}},"70":{"start":{"line":177,"column":8},"end":{"line":177,"column":53}},"71":{"start":{"line":178,"column":8},"end":{"line":178,"column":56}}},"fnMap":{"0":{"name":"getTwitterClient","decl":{"start":{"line":21,"column":16},"end":{"line":21,"column":32}},"loc":{"start":{"line":21,"column":32},"end":{"line":53,"column":1}}},"1":{"name":"isTwitterConfigured","decl":{"start":{"line":58,"column":16},"end":{"line":58,"column":35}},"loc":{"start":{"line":58,"column":35},"end":{"line":60,"column":1}}},"2":{"name":"canPostTweets","decl":{"start":{"line":65,"column":16},"end":{"line":65,"column":29}},"loc":{"start":{"line":65,"column":29},"end":{"line":73,"column":1}}},"3":{"name":"postTweet","decl":{"start":{"line":78,"column":22},"end":{"line":78,"column":31}},"loc":{"start":{"line":78,"column":44},"end":{"line":97,"column":1}}},"4":{"name":"replyToTweet","decl":{"start":{"line":102,"column":22},"end":{"line":102,"column":34}},"loc":{"start":{"line":104,"column":23},"end":{"line":124,"column":1}}},"5":{"name":"searchTweets","decl":{"start":{"line":129,"column":22},"end":{"line":129,"column":34}},"loc":{"start":{"line":131,"column":27},"end":{"line":152,"column":1}}},"6":{"name":"getMentions","decl":{"start":{"line":157,"column":22},"end":{"line":157,"column":33}},"loc":{"start":{"line":159,"column":27},"end":{"line":180,"column":1}}}},"branchMap":{"0":{"loc":{"start":{"line":22,"column":4},"end":{"line":22,"column":44}},"type":"if","locations":[{"start":{"line":22,"column":4},"end":{"line":22,"column":44}}]},"1":{"loc":{"start":{"line":30,"column":4},"end":{"line":40,"column":5}},"type":"if","locations":[{"start":{"line":30,"column":4},"end":{"line":40,"column":5}}]},"2":{"loc":{"start":{"line":30,"column":8},"end":{"line":30,"column":68}},"type":"binary-expr","locations":[{"start":{"line":30,"column":8},"end":{"line":30,"column":19}},{"start":{"line":30,"column":23},"end":{"line":30,"column":37}},{"start":{"line":30,"column":41},"end":{"line":30,"column":52}},{"start":{"line":30,"column":56},"end":{"line":30,"column":68}}]},"3":{"loc":{"start":{"line":44,"column":4},"end":{"line":49,"column":5}},"type":"if","locations":[{"start":{"line":44,"column":4},"end":{"line":49,"column":5}}]},"4":{"loc":{"start":{"line":59,"column":11},"end":{"line":59,"column":47}},"type":"binary-expr","locations":[{"start":{"line":59,"column":11},"end":{"line":59,"column":23}},{"start":{"line":59,"column":27},"end":{"line":59,"column":47}}]},"5":{"loc":{"start":{"line":67,"column":8},"end":{"line":70,"column":41}},"type":"binary-expr","locations":[{"start":{"line":67,"column":8},"end":{"line":67,"column":40}},{"start":{"line":68,"column":8},"end":{"line":68,"column":43}},{"start":{"line":69,"column":8},"end":{"line":69,"column":40}},{"start":{"line":70,"column":8},"end":{"line":70,"column":41}}]},"6":{"loc":{"start":{"line":81,"column":4},"end":{"line":83,"column":5}},"type":"if","locations":[{"start":{"line":81,"column":4},"end":{"line":83,"column":5}}]},"7":{"loc":{"start":{"line":85,"column":4},"end":{"line":88,"column":5}},"type":"if","locations":[{"start":{"line":85,"column":4},"end":{"line":88,"column":5}}]},"8":{"loc":{"start":{"line":108,"column":4},"end":{"line":110,"column":5}},"type":"if","locations":[{"start":{"line":108,"column":4},"end":{"line":110,"column":5}}]},"9":{"loc":{"start":{"line":112,"column":4},"end":{"line":115,"column":5}},"type":"if","locations":[{"start":{"line":112,"column":4},"end":{"line":115,"column":5}}]},"10":{"loc":{"start":{"line":131,"column":4},"end":{"line":131,"column":27}},"type":"default-arg","locations":[{"start":{"line":131,"column":25},"end":{"line":131,"column":27}}]},"11":{"loc":{"start":{"line":135,"column":4},"end":{"line":137,"column":5}},"type":"if","locations":[{"start":{"line":135,"column":4},"end":{"line":137,"column":5}}]},"12":{"loc":{"start":{"line":146,"column":23},"end":{"line":146,"column":46}},"type":"binary-expr","locations":[{"start":{"line":146,"column":23},"end":{"line":146,"column":40}},{"start":{"line":146,"column":44},"end":{"line":146,"column":46}}]},"13":{"loc":{"start":{"line":159,"column":4},"end":{"line":159,"column":27}},"type":"default-arg","locations":[{"start":{"line":159,"column":25},"end":{"line":159,"column":27}}]},"14":{"loc":{"start":{"line":163,"column":4},"end":{"line":165,"column":5}},"type":"if","locations":[{"start":{"line":163,"column":4},"end":{"line":165,"column":5}}]},"15":{"loc":{"start":{"line":175,"column":42},"end":{"line":175,"column":67}},"type":"binary-expr","locations":[{"start":{"line":175,"column":42},"end":{"line":175,"column":61}},{"start":{"line":175,"column":65},"end":{"line":175,"column":67}}]}},"s":{"0":0,"1":0,"2":0,"3":0,"4":0,"5":0,"6":0,"7":0,"8":0,"9":0,"10":0,"11":0,"12":0,"13":0,"14":0,"15":0,"16":0,"17":0,"18":0,"19":0,"20":0,"21":0,"22":0,"23":0,"24":0,"25":0,"26":0,"27":0,"28":0,"29":0,"30":0,"31":0,"32":0,"33":0,"34":0,"35":0,"36":0,"37":0,"38":0,"39":0,"40":0,"41":0,"42":0,"43":0,"44":0,"45":0,"46":0,"47":0,"48":0,"49":0,"50":0,"51":0,"52":0,"53":0,"54":0,"55":0,"56":0,"57":0,"58":0,"59":0,"60":0,"61":0,"62":0,"63":0,"64":0,"65":0,"66":0,"67":0,"68":0,"69":0,"70":0,"71":0},"f":{"0":0,"1":0,"2":0,"3":0,"4":0,"5":0,"6":0},"b":{"0":[0],"1":[0],"2":[0,0,0,0],"3":[0],"4":[0,0],"5":[0,0,0,0],"6":[0],"7":[0],"8":[0],"9":[0],"10":[0],"11":[0],"12":[0,0],"13":[0],"14":[0],"15":[0,0]}},"C:\\Dev\\Pontiff\\apps\\api\\src\\utils\\database.ts":{"path":"C:\\Dev\\Pontiff\\apps\\api\\src\\utils\\database.ts","statementMap":{"0":{"start":{"line":18,"column":0},"end":{"line":18,"column":7}},"1":{"start":{"line":45,"column":0},"end":{"line":45,"column":7}},"2":{"start":{"line":61,"column":0},"end":{"line":61,"column":7}},"3":{"start":{"line":1,"column":0},"end":{"line":1,"column":69}},"4":{"start":{"line":2,"column":0},"end":{"line":2,"column":28}},"5":{"start":{"line":4,"column":0},"end":{"line":4,"column":16}},"6":{"start":{"line":6,"column":0},"end":{"line":8,"column":1}},"7":{"start":{"line":7,"column":4},"end":{"line":7,"column":62}},"8":{"start":{"line":10,"column":13},"end":{"line":13,"column":2}},"9":{"start":{"line":19,"column":35},"end":{"line":23,"column":17}},"10":{"start":{"line":25,"column":4},"end":{"line":27,"column":5}},"11":{"start":{"line":26,"column":8},"end":{"line":26,"column":28}},"12":{"start":{"line":29,"column":37},"end":{"line":33,"column":17}},"13":{"start":{"line":35,"column":4},"end":{"line":37,"column":5}},"14":{"start":{"line":36,"column":8},"end":{"line":36,"column":67}},"15":{"start":{"line":39,"column":4},"end":{"line":39,"column":19}},"16":{"start":{"line":46,"column":28},"end":{"line":49,"column":17}},"17":{"start":{"line":48,"column":33},"end":{"line":48,"column":60}},"18":{"start":{"line":51,"column":4},"end":{"line":53,"column":5}},"19":{"start":{"line":52,"column":8},"end":{"line":52,"column":66}},"20":{"start":{"line":55,"column":4},"end":{"line":55,"column":16}},"21":{"start":{"line":67,"column":28},"end":{"line":76,"column":17}},"22":{"start":{"line":78,"column":4},"end":{"line":80,"column":5}},"23":{"start":{"line":79,"column":8},"end":{"line":79,"column":72}},"24":{"start":{"line":82,"column":4},"end":{"line":82,"column":16}}},"fnMap":{"0":{"name":"getOrCreateUser","decl":{"start":{"line":18,"column":22},"end":{"line":18,"column":37}},"loc":{"start":{"line":18,"column":59},"end":{"line":40,"column":1}}},"1":{"name":"storeSins","decl":{"start":{"line":45,"column":22},"end":{"line":45,"column":31}},"loc":{"start":{"line":45,"column":59},"end":{"line":56,"column":1}}},"2":{"name":"(anonymous_3)","decl":{"start":{"line":48,"column":25},"end":{"line":48,"column":28}},"loc":{"start":{"line":48,"column":33},"end":{"line":48,"column":60}}},"3":{"name":"storeConfession","decl":{"start":{"line":61,"column":22},"end":{"line":61,"column":37}},"loc":{"start":{"line":65,"column":25},"end":{"line":83,"column":1}}}},"branchMap":{"0":{"loc":{"start":{"line":6,"column":0},"end":{"line":8,"column":1}},"type":"if","locations":[{"start":{"line":6,"column":0},"end":{"line":8,"column":1}}]},"1":{"loc":{"start":{"line":6,"column":4},"end":{"line":6,"column":83}},"type":"binary-expr","locations":[{"start":{"line":6,"column":4},"end":{"line":6,"column":41}},{"start":{"line":6,"column":45},"end":{"line":6,"column":83}}]},"2":{"loc":{"start":{"line":25,"column":4},"end":{"line":27,"column":5}},"type":"if","locations":[{"start":{"line":25,"column":4},"end":{"line":27,"column":5}}]},"3":{"loc":{"start":{"line":35,"column":4},"end":{"line":37,"column":5}},"type":"if","locations":[{"start":{"line":35,"column":4},"end":{"line":37,"column":5}}]},"4":{"loc":{"start":{"line":51,"column":4},"end":{"line":53,"column":5}},"type":"if","locations":[{"start":{"line":51,"column":4},"end":{"line":53,"column":5}}]},"5":{"loc":{"start":{"line":78,"column":4},"end":{"line":80,"column":5}},"type":"if","locations":[{"start":{"line":78,"column":4},"end":{"line":80,"column":5}}]}},"s":{"0":0,"1":0,"2":0,"3":0,"4":0,"5":0,"6":0,"7":0,"8":0,"9":0,"10":0,"11":0,"12":0,"13":0,"14":0,"15":0,"16":0,"17":0,"18":0,"19":0,"20":0,"21":0,"22":0,"23":0,"24":0},"f":{"0":0,"1":0,"2":0,"3":0},"b":{"0":[0],"1":[0,0],"2":[0],"3":[0],"4":[0],"5":[0]}}}}
